<?xml version="1.0" encoding="UTF-8"?>
<!-- Generated by org.testng.reporters.JUnitXMLReporter -->
<testsuite hostname="Aswinikumars-MacBook-Pro.local" name="Default test" tests="21" failures="0" timestamp="27 Mar 2022 07:50:25 GMT" time="438.144" errors="0">
  <testcase name="preConditionsTest_for_GDPR" time="402.586" classname="twc.Automation.ExecutableTestCases.GDPR_Run"/>
  <testcase name="Verify_Lotame_Call_for_GDPR" time="0.884" classname="twc.Automation.ExecutableTestCases.GDPR_Run"/>
  <testcase name="Verify_LocationWFXTriggers_Call__for_GDPR" time="0.454" classname="twc.Automation.ExecutableTestCases.GDPR_Run"/>
  <testcase name="Verify_WFXTriggers_Call_privacy_for_GDPR" time="0.295" classname="twc.Automation.ExecutableTestCases.GDPR_Run"/>
  <testcase name="Verify_Amazon_Call" time="0.291" classname="twc.Automation.ExecutableTestCases.GDPR_Run"/>
  <testcase name="Verify_amazon_aax_feed1_adcall_for_GDPR" time="0.204" classname="twc.Automation.ExecutableTestCases.GDPR_Run"/>
  <testcase name="Verify_amazon_aax_feed2_adcall_for_GDPR" time="0.298" classname="twc.Automation.ExecutableTestCases.GDPR_Run"/>
  <testcase name="Verify_amazon_aax_feed3_adcall_for_GDPR" time="0.211" classname="twc.Automation.ExecutableTestCases.GDPR_Run"/>
  <testcase name="Verify_amazon_aax_PreRollVideo_adcall_for_GDPR" time="0.159" classname="twc.Automation.ExecutableTestCases.GDPR_Run"/>
  <testcase name="Verify_amazon_aax_map_details_adcall_for_GDPR" time="0.181" classname="twc.Automation.ExecutableTestCases.GDPR_Run"/>
  <testcase name="Verify_amazon_aax_Daily_details_adcall_for_GDPR" time="0.158" classname="twc.Automation.ExecutableTestCases.GDPR_Run"/>
  <testcase name="Verify_amazon_aax_Hourly1_details_adcall_for_GDPR" time="0.165" classname="twc.Automation.ExecutableTestCases.GDPR_Run"/>
  <testcase name="Verify_amazon_aax_Hourly2_details_adcall_for_GDPR" time="0.162" classname="twc.Automation.ExecutableTestCases.GDPR_Run"/>
  <testcase name="Verify_amazon_aax_Hourly3_details_adcall_for_GDPR" time="0.144" classname="twc.Automation.ExecutableTestCases.GDPR_Run"/>
  <testcase name="Verify_amazon_aax_Hourly_details_adcall_for_GDPR" time="0.175" classname="twc.Automation.ExecutableTestCases.GDPR_Run"/>
  <testcase name="validate_NextGen_IM_call_npa_val_for_GDPR" time="0.182" classname="twc.Automation.ExecutableTestCases.GDPR_Run"/>
  <testcase name="validate_Video_call_npa_val_for_GDPR" time="0.199" classname="twc.Automation.ExecutableTestCases.GDPR_Run"/>
  <testcase name="Smoke_Test_CaseVerify_Homescreen_marquee_adCall_GDPR" time="0.214" classname="twc.Automation.ExecutableTestCases.GDPR_Run"/>
  <testcase name="Smoke_Test_CaseVerify_Video_adCall_GDPR" time="0.193" classname="twc.Automation.ExecutableTestCases.GDPR_Run"/>
  <testcase name="Verify_Criteo_SDK_inapp_v2_Call_for_GDPR" time="0.205" classname="twc.Automation.ExecutableTestCases.GDPR_Run"/>
  <testcase name="Verify_Criteo_SDK_config_app_Call_for_GDPR" time="0.218" classname="twc.Automation.ExecutableTestCases.GDPR_Run"/>
</testsuite> <!-- Default test -->
