<?xml version="1.0" encoding="UTF-8"?>
<testng-results skipped="0" failed="12" total="143" passed="131">
  <reporter-output>
  </reporter-output>
  <suite name="Suite" duration-ms="3119733" started-at="2022-03-27T13:41:20Z" finished-at="2022-03-27T14:33:19Z">
    <groups>
    </groups>
    <test name="Test" duration-ms="3119733" started-at="2022-03-27T13:41:20Z" finished-at="2022-03-27T14:33:19Z">
      <class name="twc.Automation.ExecutableTestCases.LGPD_Run">
        <test-method status="PASS" signature="beforeClass()[pri:0, instance:twc.Automation.ExecutableTestCases.LGPD_Run@5f8890c2]" name="beforeClass" is-config="true" duration-ms="30085" started-at="2022-03-27T19:18:23Z" finished-at="2022-03-27T19:18:53Z">
          <reporter-output>
          </reporter-output>
        </test-method> <!-- beforeClass -->
        <test-method status="FAIL" signature="preConditionsTest_for_LGPD()[pri:0, instance:twc.Automation.ExecutableTestCases.LGPD_Run@5f8890c2]" name="preConditionsTest_for_LGPD" duration-ms="420340" started-at="2022-03-27T19:18:53Z" finished-at="2022-03-27T19:25:54Z">
          <exception class="java.lang.NullPointerException">
            <full-stacktrace>
              <![CDATA[java.lang.NullPointerException
	at java.io.File.<init>(File.java:277)
	at twc.Automation.HandleWithCharles.CharlesFunctions.archive_folder(CharlesFunctions.java:318)
	at twc.Automation.ExecutableTestCases.LGPD_Run.preConditionsTest_for_LGPD(LGPD_Run.java:110)
	at sun.reflect.NativeMethodAccessorImpl.invoke0(Native Method)
	at sun.reflect.NativeMethodAccessorImpl.invoke(NativeMethodAccessorImpl.java:62)
	at sun.reflect.DelegatingMethodAccessorImpl.invoke(DelegatingMethodAccessorImpl.java:43)
	at java.lang.reflect.Method.invoke(Method.java:498)
	at org.testng.internal.MethodInvocationHelper.invokeMethod(MethodInvocationHelper.java:85)
	at org.testng.internal.Invoker.invokeMethod(Invoker.java:659)
	at org.testng.internal.Invoker.invokeTestMethod(Invoker.java:845)
	at org.testng.internal.Invoker.invokeTestMethods(Invoker.java:1153)
	at org.testng.internal.TestMethodWorker.invokeTestMethods(TestMethodWorker.java:125)
	at org.testng.internal.TestMethodWorker.run(TestMethodWorker.java:108)
	at org.testng.TestRunner.privateRun(TestRunner.java:771)
	at org.testng.TestRunner.run(TestRunner.java:621)
	at org.testng.SuiteRunner.runTest(SuiteRunner.java:357)
	at org.testng.SuiteRunner.runSequentially(SuiteRunner.java:352)
	at org.testng.SuiteRunner.privateRun(SuiteRunner.java:310)
	at org.testng.SuiteRunner.run(SuiteRunner.java:259)
	at org.testng.SuiteRunnerWorker.runSuite(SuiteRunnerWorker.java:52)
	at org.testng.SuiteRunnerWorker.run(SuiteRunnerWorker.java:86)
	at org.testng.TestNG.runSuitesSequentially(TestNG.java:1199)
	at org.testng.TestNG.runSuitesLocally(TestNG.java:1124)
	at org.testng.TestNG.run(TestNG.java:1032)
	at org.testng.remote.AbstractRemoteTestNG.run(AbstractRemoteTestNG.java:115)
	at org.testng.remote.RemoteTestNG.initAndRun(RemoteTestNG.java:251)
	at org.testng.remote.RemoteTestNG.main(RemoteTestNG.java:77)
]]>
            </full-stacktrace>
          </exception> <!-- java.lang.NullPointerException -->
          <reporter-output>
          </reporter-output>
        </test-method> <!-- preConditionsTest_for_LGPD -->
        <test-method status="PASS" signature="Verify_Lotame_Call_for_LGPD()[pri:0, instance:twc.Automation.ExecutableTestCases.LGPD_Run@5f8890c2]" name="Verify_Lotame_Call_for_LGPD" duration-ms="340" started-at="2022-03-27T19:25:54Z" finished-at="2022-03-27T19:25:54Z">
          <reporter-output>
          </reporter-output>
        </test-method> <!-- Verify_Lotame_Call_for_LGPD -->
        <test-method status="PASS" signature="Verify_LocationWFXTriggers_Call__for_LGPD()[pri:0, instance:twc.Automation.ExecutableTestCases.LGPD_Run@5f8890c2]" name="Verify_LocationWFXTriggers_Call__for_LGPD" duration-ms="353" started-at="2022-03-27T19:25:54Z" finished-at="2022-03-27T19:25:55Z">
          <reporter-output>
          </reporter-output>
        </test-method> <!-- Verify_LocationWFXTriggers_Call__for_LGPD -->
        <test-method status="PASS" signature="Verify_WFXTriggers_Call_privacy_for_LGPD()[pri:0, instance:twc.Automation.ExecutableTestCases.LGPD_Run@5f8890c2]" name="Verify_WFXTriggers_Call_privacy_for_LGPD" duration-ms="257" started-at="2022-03-27T19:25:55Z" finished-at="2022-03-27T19:25:55Z">
          <reporter-output>
          </reporter-output>
        </test-method> <!-- Verify_WFXTriggers_Call_privacy_for_LGPD -->
        <test-method status="PASS" signature="Verify_Amazon_Call()[pri:0, instance:twc.Automation.ExecutableTestCases.LGPD_Run@5f8890c2]" name="Verify_Amazon_Call" duration-ms="286" started-at="2022-03-27T19:25:55Z" finished-at="2022-03-27T19:25:55Z">
          <reporter-output>
          </reporter-output>
        </test-method> <!-- Verify_Amazon_Call -->
        <test-method status="PASS" signature="Verify_amazon_aax_feed1_adcall_for_LGPD()[pri:0, instance:twc.Automation.ExecutableTestCases.LGPD_Run@5f8890c2]" name="Verify_amazon_aax_feed1_adcall_for_LGPD" duration-ms="256" started-at="2022-03-27T19:25:55Z" finished-at="2022-03-27T19:25:55Z">
          <reporter-output>
          </reporter-output>
        </test-method> <!-- Verify_amazon_aax_feed1_adcall_for_LGPD -->
        <test-method status="PASS" signature="Verify_amazon_aax_feed2_adcall_for_LGPD()[pri:0, instance:twc.Automation.ExecutableTestCases.LGPD_Run@5f8890c2]" name="Verify_amazon_aax_feed2_adcall_for_LGPD" duration-ms="225" started-at="2022-03-27T19:25:55Z" finished-at="2022-03-27T19:25:56Z">
          <reporter-output>
          </reporter-output>
        </test-method> <!-- Verify_amazon_aax_feed2_adcall_for_LGPD -->
        <test-method status="PASS" signature="Verify_amazon_aax_feed3_adcall_for_LGPD()[pri:0, instance:twc.Automation.ExecutableTestCases.LGPD_Run@5f8890c2]" name="Verify_amazon_aax_feed3_adcall_for_LGPD" duration-ms="216" started-at="2022-03-27T19:25:56Z" finished-at="2022-03-27T19:25:56Z">
          <reporter-output>
          </reporter-output>
        </test-method> <!-- Verify_amazon_aax_feed3_adcall_for_LGPD -->
        <test-method status="PASS" signature="Verify_amazon_aax_PreRollVideo_adcall_for_LGPD()[pri:0, instance:twc.Automation.ExecutableTestCases.LGPD_Run@5f8890c2]" name="Verify_amazon_aax_PreRollVideo_adcall_for_LGPD" duration-ms="244" started-at="2022-03-27T19:25:56Z" finished-at="2022-03-27T19:25:56Z">
          <reporter-output>
          </reporter-output>
        </test-method> <!-- Verify_amazon_aax_PreRollVideo_adcall_for_LGPD -->
        <test-method status="PASS" signature="Verify_amazon_aax_map_details_adcall_for_LGPD()[pri:0, instance:twc.Automation.ExecutableTestCases.LGPD_Run@5f8890c2]" name="Verify_amazon_aax_map_details_adcall_for_LGPD" duration-ms="209" started-at="2022-03-27T19:25:56Z" finished-at="2022-03-27T19:25:56Z">
          <reporter-output>
          </reporter-output>
        </test-method> <!-- Verify_amazon_aax_map_details_adcall_for_LGPD -->
        <test-method status="PASS" signature="Verify_amazon_aax_Daily_details_adcall_for_LGPD()[pri:0, instance:twc.Automation.ExecutableTestCases.LGPD_Run@5f8890c2]" name="Verify_amazon_aax_Daily_details_adcall_for_LGPD" duration-ms="206" started-at="2022-03-27T19:25:56Z" finished-at="2022-03-27T19:25:57Z">
          <reporter-output>
          </reporter-output>
        </test-method> <!-- Verify_amazon_aax_Daily_details_adcall_for_LGPD -->
        <test-method status="PASS" signature="Verify_amazon_aax_Hourly_details_adcall_for_LGPD()[pri:0, instance:twc.Automation.ExecutableTestCases.LGPD_Run@5f8890c2]" name="Verify_amazon_aax_Hourly_details_adcall_for_LGPD" duration-ms="247" started-at="2022-03-27T19:25:57Z" finished-at="2022-03-27T19:25:57Z">
          <reporter-output>
          </reporter-output>
        </test-method> <!-- Verify_amazon_aax_Hourly_details_adcall_for_LGPD -->
        <test-method status="PASS" signature="Verify_amazon_aax_Hourly1_details_adcall_for_LGPD()[pri:0, instance:twc.Automation.ExecutableTestCases.LGPD_Run@5f8890c2]" name="Verify_amazon_aax_Hourly1_details_adcall_for_LGPD" duration-ms="204" started-at="2022-03-27T19:25:57Z" finished-at="2022-03-27T19:25:57Z">
          <reporter-output>
          </reporter-output>
        </test-method> <!-- Verify_amazon_aax_Hourly1_details_adcall_for_LGPD -->
        <test-method status="PASS" signature="Verify_amazon_aax_Hourly2_details_adcall_for_LGPD()[pri:0, instance:twc.Automation.ExecutableTestCases.LGPD_Run@5f8890c2]" name="Verify_amazon_aax_Hourly2_details_adcall_for_LGPD" duration-ms="224" started-at="2022-03-27T19:25:57Z" finished-at="2022-03-27T19:25:57Z">
          <reporter-output>
          </reporter-output>
        </test-method> <!-- Verify_amazon_aax_Hourly2_details_adcall_for_LGPD -->
        <test-method status="PASS" signature="Verify_amazon_aax_Hourly3_details_adcall_for_LGPD()[pri:0, instance:twc.Automation.ExecutableTestCases.LGPD_Run@5f8890c2]" name="Verify_amazon_aax_Hourly3_details_adcall_for_LGPD" duration-ms="227" started-at="2022-03-27T19:25:57Z" finished-at="2022-03-27T19:25:57Z">
          <reporter-output>
          </reporter-output>
        </test-method> <!-- Verify_amazon_aax_Hourly3_details_adcall_for_LGPD -->
        <test-method status="PASS" signature="validate_NextGen_IM_call_npa_val_for_LGPD()[pri:0, instance:twc.Automation.ExecutableTestCases.LGPD_Run@5f8890c2]" name="validate_NextGen_IM_call_npa_val_for_LGPD" duration-ms="247" started-at="2022-03-27T19:25:57Z" finished-at="2022-03-27T19:25:58Z">
          <reporter-output>
          </reporter-output>
        </test-method> <!-- validate_NextGen_IM_call_npa_val_for_LGPD -->
        <test-method status="PASS" signature="validate_Video_call_npa_val_for_LGPD()[pri:0, instance:twc.Automation.ExecutableTestCases.LGPD_Run@5f8890c2]" name="validate_Video_call_npa_val_for_LGPD" duration-ms="293" started-at="2022-03-27T19:25:58Z" finished-at="2022-03-27T19:25:58Z">
          <reporter-output>
          </reporter-output>
        </test-method> <!-- validate_Video_call_npa_val_for_LGPD -->
        <test-method status="PASS" signature="Smoke_Test_CaseVerify_Homescreen_marquee_adCall_LGPD()[pri:0, instance:twc.Automation.ExecutableTestCases.LGPD_Run@5f8890c2]" name="Smoke_Test_CaseVerify_Homescreen_marquee_adCall_LGPD" duration-ms="311" started-at="2022-03-27T19:25:58Z" finished-at="2022-03-27T19:25:58Z">
          <reporter-output>
          </reporter-output>
        </test-method> <!-- Smoke_Test_CaseVerify_Homescreen_marquee_adCall_LGPD -->
        <test-method status="PASS" signature="Smoke_Test_CaseVerify_Video_adCall_LGPD()[pri:0, instance:twc.Automation.ExecutableTestCases.LGPD_Run@5f8890c2]" name="Smoke_Test_CaseVerify_Video_adCall_LGPD" duration-ms="278" started-at="2022-03-27T19:25:58Z" finished-at="2022-03-27T19:25:59Z">
          <reporter-output>
          </reporter-output>
        </test-method> <!-- Smoke_Test_CaseVerify_Video_adCall_LGPD -->
        <test-method status="PASS" signature="Verify_Criteo_SDK_inapp_v2_Call_for_LGPD()[pri:0, instance:twc.Automation.ExecutableTestCases.LGPD_Run@5f8890c2]" name="Verify_Criteo_SDK_inapp_v2_Call_for_LGPD" duration-ms="462" started-at="2022-03-27T19:25:59Z" finished-at="2022-03-27T19:25:59Z">
          <reporter-output>
          </reporter-output>
        </test-method> <!-- Verify_Criteo_SDK_inapp_v2_Call_for_LGPD -->
        <test-method status="FAIL" signature="Verify_Criteo_SDK_config_app_Call_for_LGPD()[pri:0, instance:twc.Automation.ExecutableTestCases.LGPD_Run@5f8890c2]" name="Verify_Criteo_SDK_config_app_Call_for_LGPD" duration-ms="321" started-at="2022-03-27T19:25:59Z" finished-at="2022-03-27T19:25:59Z">
          <exception class="java.lang.NullPointerException">
            <full-stacktrace>
              <![CDATA[java.lang.NullPointerException
	at java.io.File.<init>(File.java:277)
	at twc.Automation.HandleWithCharles.CharlesFunctions.archive_folder(CharlesFunctions.java:318)
	at twc.Automation.ExecutableTestCases.LGPD_Run.Verify_Criteo_SDK_config_app_Call_for_LGPD(LGPD_Run.java:356)
	at sun.reflect.NativeMethodAccessorImpl.invoke0(Native Method)
	at sun.reflect.NativeMethodAccessorImpl.invoke(NativeMethodAccessorImpl.java:62)
	at sun.reflect.DelegatingMethodAccessorImpl.invoke(DelegatingMethodAccessorImpl.java:43)
	at java.lang.reflect.Method.invoke(Method.java:498)
	at org.testng.internal.MethodInvocationHelper.invokeMethod(MethodInvocationHelper.java:85)
	at org.testng.internal.Invoker.invokeMethod(Invoker.java:659)
	at org.testng.internal.Invoker.invokeTestMethod(Invoker.java:845)
	at org.testng.internal.Invoker.invokeTestMethods(Invoker.java:1153)
	at org.testng.internal.TestMethodWorker.invokeTestMethods(TestMethodWorker.java:125)
	at org.testng.internal.TestMethodWorker.run(TestMethodWorker.java:108)
	at org.testng.TestRunner.privateRun(TestRunner.java:771)
	at org.testng.TestRunner.run(TestRunner.java:621)
	at org.testng.SuiteRunner.runTest(SuiteRunner.java:357)
	at org.testng.SuiteRunner.runSequentially(SuiteRunner.java:352)
	at org.testng.SuiteRunner.privateRun(SuiteRunner.java:310)
	at org.testng.SuiteRunner.run(SuiteRunner.java:259)
	at org.testng.SuiteRunnerWorker.runSuite(SuiteRunnerWorker.java:52)
	at org.testng.SuiteRunnerWorker.run(SuiteRunnerWorker.java:86)
	at org.testng.TestNG.runSuitesSequentially(TestNG.java:1199)
	at org.testng.TestNG.runSuitesLocally(TestNG.java:1124)
	at org.testng.TestNG.run(TestNG.java:1032)
	at org.testng.remote.AbstractRemoteTestNG.run(AbstractRemoteTestNG.java:115)
	at org.testng.remote.RemoteTestNG.initAndRun(RemoteTestNG.java:251)
	at org.testng.remote.RemoteTestNG.main(RemoteTestNG.java:77)
]]>
            </full-stacktrace>
          </exception> <!-- java.lang.NullPointerException -->
          <reporter-output>
          </reporter-output>
        </test-method> <!-- Verify_Criteo_SDK_config_app_Call_for_LGPD -->
        <test-method status="PASS" signature="afterClass()[pri:0, instance:twc.Automation.ExecutableTestCases.LGPD_Run@5f8890c2]" name="afterClass" is-config="true" duration-ms="35" started-at="2022-03-27T19:25:59Z" finished-at="2022-03-27T19:25:59Z">
          <reporter-output>
          </reporter-output>
        </test-method> <!-- afterClass -->
      </class> <!-- twc.Automation.ExecutableTestCases.LGPD_Run -->
      <class name="twc.Automation.ExecutableTestCases.LATAM_DR_Run">
        <test-method status="PASS" signature="beforeClass()[pri:0, instance:twc.Automation.ExecutableTestCases.LATAM_DR_Run@1144a55a]" name="beforeClass" is-config="true" duration-ms="30061" started-at="2022-03-27T19:33:34Z" finished-at="2022-03-27T19:34:04Z">
          <reporter-output>
          </reporter-output>
        </test-method> <!-- beforeClass -->
        <test-method status="FAIL" signature="preConditionsTest_for_LATAM_DR()[pri:0, instance:twc.Automation.ExecutableTestCases.LATAM_DR_Run@1144a55a]" name="preConditionsTest_for_LATAM_DR" duration-ms="417024" started-at="2022-03-27T19:34:04Z" finished-at="2022-03-27T19:41:01Z">
          <exception class="java.lang.NullPointerException">
            <full-stacktrace>
              <![CDATA[java.lang.NullPointerException
	at java.io.File.<init>(File.java:277)
	at twc.Automation.HandleWithCharles.CharlesFunctions.archive_folder(CharlesFunctions.java:318)
	at twc.Automation.ExecutableTestCases.LATAM_DR_Run.preConditionsTest_for_LATAM_DR(LATAM_DR_Run.java:110)
	at sun.reflect.NativeMethodAccessorImpl.invoke0(Native Method)
	at sun.reflect.NativeMethodAccessorImpl.invoke(NativeMethodAccessorImpl.java:62)
	at sun.reflect.DelegatingMethodAccessorImpl.invoke(DelegatingMethodAccessorImpl.java:43)
	at java.lang.reflect.Method.invoke(Method.java:498)
	at org.testng.internal.MethodInvocationHelper.invokeMethod(MethodInvocationHelper.java:85)
	at org.testng.internal.Invoker.invokeMethod(Invoker.java:659)
	at org.testng.internal.Invoker.invokeTestMethod(Invoker.java:845)
	at org.testng.internal.Invoker.invokeTestMethods(Invoker.java:1153)
	at org.testng.internal.TestMethodWorker.invokeTestMethods(TestMethodWorker.java:125)
	at org.testng.internal.TestMethodWorker.run(TestMethodWorker.java:108)
	at org.testng.TestRunner.privateRun(TestRunner.java:771)
	at org.testng.TestRunner.run(TestRunner.java:621)
	at org.testng.SuiteRunner.runTest(SuiteRunner.java:357)
	at org.testng.SuiteRunner.runSequentially(SuiteRunner.java:352)
	at org.testng.SuiteRunner.privateRun(SuiteRunner.java:310)
	at org.testng.SuiteRunner.run(SuiteRunner.java:259)
	at org.testng.SuiteRunnerWorker.runSuite(SuiteRunnerWorker.java:52)
	at org.testng.SuiteRunnerWorker.run(SuiteRunnerWorker.java:86)
	at org.testng.TestNG.runSuitesSequentially(TestNG.java:1199)
	at org.testng.TestNG.runSuitesLocally(TestNG.java:1124)
	at org.testng.TestNG.run(TestNG.java:1032)
	at org.testng.remote.AbstractRemoteTestNG.run(AbstractRemoteTestNG.java:115)
	at org.testng.remote.RemoteTestNG.initAndRun(RemoteTestNG.java:251)
	at org.testng.remote.RemoteTestNG.main(RemoteTestNG.java:77)
]]>
            </full-stacktrace>
          </exception> <!-- java.lang.NullPointerException -->
          <reporter-output>
          </reporter-output>
        </test-method> <!-- preConditionsTest_for_LATAM_DR -->
        <test-method status="PASS" signature="Verify_Lotame_Call_for_LATAM_DR()[pri:0, instance:twc.Automation.ExecutableTestCases.LATAM_DR_Run@1144a55a]" name="Verify_Lotame_Call_for_LATAM_DR" duration-ms="313" started-at="2022-03-27T19:41:01Z" finished-at="2022-03-27T19:41:02Z">
          <reporter-output>
          </reporter-output>
        </test-method> <!-- Verify_Lotame_Call_for_LATAM_DR -->
        <test-method status="PASS" signature="Verify_LocationWFXTriggers_Call__for_LATAM_DR()[pri:0, instance:twc.Automation.ExecutableTestCases.LATAM_DR_Run@1144a55a]" name="Verify_LocationWFXTriggers_Call__for_LATAM_DR" duration-ms="315" started-at="2022-03-27T19:41:02Z" finished-at="2022-03-27T19:41:02Z">
          <reporter-output>
          </reporter-output>
        </test-method> <!-- Verify_LocationWFXTriggers_Call__for_LATAM_DR -->
        <test-method status="PASS" signature="Verify_WFXTriggers_Call_privacy_for_LATAM_DR()[pri:0, instance:twc.Automation.ExecutableTestCases.LATAM_DR_Run@1144a55a]" name="Verify_WFXTriggers_Call_privacy_for_LATAM_DR" duration-ms="267" started-at="2022-03-27T19:41:02Z" finished-at="2022-03-27T19:41:02Z">
          <reporter-output>
          </reporter-output>
        </test-method> <!-- Verify_WFXTriggers_Call_privacy_for_LATAM_DR -->
        <test-method status="PASS" signature="Verify_Amazon_Call()[pri:0, instance:twc.Automation.ExecutableTestCases.LATAM_DR_Run@1144a55a]" name="Verify_Amazon_Call" duration-ms="291" started-at="2022-03-27T19:41:02Z" finished-at="2022-03-27T19:41:02Z">
          <reporter-output>
          </reporter-output>
        </test-method> <!-- Verify_Amazon_Call -->
        <test-method status="PASS" signature="Verify_amazon_aax_feed1_adcall_for_LATAM_DR()[pri:0, instance:twc.Automation.ExecutableTestCases.LATAM_DR_Run@1144a55a]" name="Verify_amazon_aax_feed1_adcall_for_LATAM_DR" duration-ms="215" started-at="2022-03-27T19:41:02Z" finished-at="2022-03-27T19:41:03Z">
          <reporter-output>
          </reporter-output>
        </test-method> <!-- Verify_amazon_aax_feed1_adcall_for_LATAM_DR -->
        <test-method status="PASS" signature="Verify_amazon_aax_feed2_adcall_for_LATAM_DR()[pri:0, instance:twc.Automation.ExecutableTestCases.LATAM_DR_Run@1144a55a]" name="Verify_amazon_aax_feed2_adcall_for_LATAM_DR" duration-ms="227" started-at="2022-03-27T19:41:03Z" finished-at="2022-03-27T19:41:03Z">
          <reporter-output>
          </reporter-output>
        </test-method> <!-- Verify_amazon_aax_feed2_adcall_for_LATAM_DR -->
        <test-method status="PASS" signature="Verify_amazon_aax_feed3_adcall_for_LATAM_DR()[pri:0, instance:twc.Automation.ExecutableTestCases.LATAM_DR_Run@1144a55a]" name="Verify_amazon_aax_feed3_adcall_for_LATAM_DR" duration-ms="205" started-at="2022-03-27T19:41:03Z" finished-at="2022-03-27T19:41:03Z">
          <reporter-output>
          </reporter-output>
        </test-method> <!-- Verify_amazon_aax_feed3_adcall_for_LATAM_DR -->
        <test-method status="PASS" signature="Verify_amazon_aax_PreRollVideo_adcall_for_LATAM_DR()[pri:0, instance:twc.Automation.ExecutableTestCases.LATAM_DR_Run@1144a55a]" name="Verify_amazon_aax_PreRollVideo_adcall_for_LATAM_DR" duration-ms="208" started-at="2022-03-27T19:41:03Z" finished-at="2022-03-27T19:41:03Z">
          <reporter-output>
          </reporter-output>
        </test-method> <!-- Verify_amazon_aax_PreRollVideo_adcall_for_LATAM_DR -->
        <test-method status="PASS" signature="Verify_amazon_aax_map_details_adcall_for_LATAM_DR()[pri:0, instance:twc.Automation.ExecutableTestCases.LATAM_DR_Run@1144a55a]" name="Verify_amazon_aax_map_details_adcall_for_LATAM_DR" duration-ms="215" started-at="2022-03-27T19:41:03Z" finished-at="2022-03-27T19:41:04Z">
          <reporter-output>
          </reporter-output>
        </test-method> <!-- Verify_amazon_aax_map_details_adcall_for_LATAM_DR -->
        <test-method status="PASS" signature="Verify_amazon_aax_Daily_details_adcall_for_LATAM_DR()[pri:0, instance:twc.Automation.ExecutableTestCases.LATAM_DR_Run@1144a55a]" name="Verify_amazon_aax_Daily_details_adcall_for_LATAM_DR" duration-ms="198" started-at="2022-03-27T19:41:04Z" finished-at="2022-03-27T19:41:04Z">
          <reporter-output>
          </reporter-output>
        </test-method> <!-- Verify_amazon_aax_Daily_details_adcall_for_LATAM_DR -->
        <test-method status="PASS" signature="Verify_amazon_aax_Hourly_details_adcall_for_LATAM_DR()[pri:0, instance:twc.Automation.ExecutableTestCases.LATAM_DR_Run@1144a55a]" name="Verify_amazon_aax_Hourly_details_adcall_for_LATAM_DR" duration-ms="243" started-at="2022-03-27T19:41:04Z" finished-at="2022-03-27T19:41:04Z">
          <reporter-output>
          </reporter-output>
        </test-method> <!-- Verify_amazon_aax_Hourly_details_adcall_for_LATAM_DR -->
        <test-method status="PASS" signature="Verify_amazon_aax_Hourly1_details_adcall_for_LATAM_DR()[pri:0, instance:twc.Automation.ExecutableTestCases.LATAM_DR_Run@1144a55a]" name="Verify_amazon_aax_Hourly1_details_adcall_for_LATAM_DR" duration-ms="215" started-at="2022-03-27T19:41:04Z" finished-at="2022-03-27T19:41:04Z">
          <reporter-output>
          </reporter-output>
        </test-method> <!-- Verify_amazon_aax_Hourly1_details_adcall_for_LATAM_DR -->
        <test-method status="PASS" signature="Verify_amazon_aax_Hourly2_details_adcall_for_LATAM_DR()[pri:0, instance:twc.Automation.ExecutableTestCases.LATAM_DR_Run@1144a55a]" name="Verify_amazon_aax_Hourly2_details_adcall_for_LATAM_DR" duration-ms="207" started-at="2022-03-27T19:41:04Z" finished-at="2022-03-27T19:41:04Z">
          <reporter-output>
          </reporter-output>
        </test-method> <!-- Verify_amazon_aax_Hourly2_details_adcall_for_LATAM_DR -->
        <test-method status="PASS" signature="Verify_amazon_aax_Hourly3_details_adcall_for_LATAM_DR()[pri:0, instance:twc.Automation.ExecutableTestCases.LATAM_DR_Run@1144a55a]" name="Verify_amazon_aax_Hourly3_details_adcall_for_LATAM_DR" duration-ms="239" started-at="2022-03-27T19:41:04Z" finished-at="2022-03-27T19:41:05Z">
          <reporter-output>
          </reporter-output>
        </test-method> <!-- Verify_amazon_aax_Hourly3_details_adcall_for_LATAM_DR -->
        <test-method status="PASS" signature="validate_NextGen_IM_call_npa_val_for_LATAM_DR()[pri:0, instance:twc.Automation.ExecutableTestCases.LATAM_DR_Run@1144a55a]" name="validate_NextGen_IM_call_npa_val_for_LATAM_DR" duration-ms="267" started-at="2022-03-27T19:41:05Z" finished-at="2022-03-27T19:41:05Z">
          <reporter-output>
          </reporter-output>
        </test-method> <!-- validate_NextGen_IM_call_npa_val_for_LATAM_DR -->
        <test-method status="PASS" signature="validate_Video_call_npa_val_for_LATAM_DR()[pri:0, instance:twc.Automation.ExecutableTestCases.LATAM_DR_Run@1144a55a]" name="validate_Video_call_npa_val_for_LATAM_DR" duration-ms="306" started-at="2022-03-27T19:41:35Z" finished-at="2022-03-27T19:41:36Z">
          <reporter-output>
          </reporter-output>
        </test-method> <!-- validate_Video_call_npa_val_for_LATAM_DR -->
        <test-method status="PASS" signature="Smoke_Test_CaseVerify_Homescreen_marquee_adCall_LATAM_DR()[pri:0, instance:twc.Automation.ExecutableTestCases.LATAM_DR_Run@1144a55a]" name="Smoke_Test_CaseVerify_Homescreen_marquee_adCall_LATAM_DR" duration-ms="286" started-at="2022-03-27T19:41:36Z" finished-at="2022-03-27T19:41:36Z">
          <reporter-output>
          </reporter-output>
        </test-method> <!-- Smoke_Test_CaseVerify_Homescreen_marquee_adCall_LATAM_DR -->
        <test-method status="PASS" signature="Smoke_Test_CaseVerify_Video_adCall_LATAM_DR()[pri:0, instance:twc.Automation.ExecutableTestCases.LATAM_DR_Run@1144a55a]" name="Smoke_Test_CaseVerify_Video_adCall_LATAM_DR" duration-ms="321" started-at="2022-03-27T19:41:36Z" finished-at="2022-03-27T19:41:36Z">
          <reporter-output>
          </reporter-output>
        </test-method> <!-- Smoke_Test_CaseVerify_Video_adCall_LATAM_DR -->
        <test-method status="PASS" signature="Verify_Criteo_SDK_inapp_v2_Call_for_LATAM_DR()[pri:0, instance:twc.Automation.ExecutableTestCases.LATAM_DR_Run@1144a55a]" name="Verify_Criteo_SDK_inapp_v2_Call_for_LATAM_DR" duration-ms="302" started-at="2022-03-27T19:41:36Z" finished-at="2022-03-27T19:41:37Z">
          <reporter-output>
          </reporter-output>
        </test-method> <!-- Verify_Criteo_SDK_inapp_v2_Call_for_LATAM_DR -->
        <test-method status="FAIL" signature="Verify_Criteo_SDK_config_app_Call_for_LATAM_DR()[pri:0, instance:twc.Automation.ExecutableTestCases.LATAM_DR_Run@1144a55a]" name="Verify_Criteo_SDK_config_app_Call_for_LATAM_DR" duration-ms="279" started-at="2022-03-27T19:41:37Z" finished-at="2022-03-27T19:41:37Z">
          <exception class="java.lang.NullPointerException">
            <full-stacktrace>
              <![CDATA[java.lang.NullPointerException
	at java.io.File.<init>(File.java:277)
	at twc.Automation.HandleWithCharles.CharlesFunctions.archive_folder(CharlesFunctions.java:318)
	at twc.Automation.ExecutableTestCases.LATAM_DR_Run.Verify_Criteo_SDK_config_app_Call_for_LATAM_DR(LATAM_DR_Run.java:360)
	at sun.reflect.NativeMethodAccessorImpl.invoke0(Native Method)
	at sun.reflect.NativeMethodAccessorImpl.invoke(NativeMethodAccessorImpl.java:62)
	at sun.reflect.DelegatingMethodAccessorImpl.invoke(DelegatingMethodAccessorImpl.java:43)
	at java.lang.reflect.Method.invoke(Method.java:498)
	at org.testng.internal.MethodInvocationHelper.invokeMethod(MethodInvocationHelper.java:85)
	at org.testng.internal.Invoker.invokeMethod(Invoker.java:659)
	at org.testng.internal.Invoker.invokeTestMethod(Invoker.java:845)
	at org.testng.internal.Invoker.invokeTestMethods(Invoker.java:1153)
	at org.testng.internal.TestMethodWorker.invokeTestMethods(TestMethodWorker.java:125)
	at org.testng.internal.TestMethodWorker.run(TestMethodWorker.java:108)
	at org.testng.TestRunner.privateRun(TestRunner.java:771)
	at org.testng.TestRunner.run(TestRunner.java:621)
	at org.testng.SuiteRunner.runTest(SuiteRunner.java:357)
	at org.testng.SuiteRunner.runSequentially(SuiteRunner.java:352)
	at org.testng.SuiteRunner.privateRun(SuiteRunner.java:310)
	at org.testng.SuiteRunner.run(SuiteRunner.java:259)
	at org.testng.SuiteRunnerWorker.runSuite(SuiteRunnerWorker.java:52)
	at org.testng.SuiteRunnerWorker.run(SuiteRunnerWorker.java:86)
	at org.testng.TestNG.runSuitesSequentially(TestNG.java:1199)
	at org.testng.TestNG.runSuitesLocally(TestNG.java:1124)
	at org.testng.TestNG.run(TestNG.java:1032)
	at org.testng.remote.AbstractRemoteTestNG.run(AbstractRemoteTestNG.java:115)
	at org.testng.remote.RemoteTestNG.initAndRun(RemoteTestNG.java:251)
	at org.testng.remote.RemoteTestNG.main(RemoteTestNG.java:77)
]]>
            </full-stacktrace>
          </exception> <!-- java.lang.NullPointerException -->
          <reporter-output>
          </reporter-output>
        </test-method> <!-- Verify_Criteo_SDK_config_app_Call_for_LATAM_DR -->
        <test-method status="PASS" signature="afterClass()[pri:0, instance:twc.Automation.ExecutableTestCases.LATAM_DR_Run@1144a55a]" name="afterClass" is-config="true" duration-ms="7" started-at="2022-03-27T19:41:37Z" finished-at="2022-03-27T19:41:37Z">
          <reporter-output>
          </reporter-output>
        </test-method> <!-- afterClass -->
      </class> <!-- twc.Automation.ExecutableTestCases.LATAM_DR_Run -->
      <class name="twc.Automation.ExecutableTestCases.LATAM_CO_Run">
        <test-method status="PASS" signature="beforeClass()[pri:0, instance:twc.Automation.ExecutableTestCases.LATAM_CO_Run@794b435f]" name="beforeClass" is-config="true" duration-ms="30084" started-at="2022-03-27T19:25:59Z" finished-at="2022-03-27T19:26:30Z">
          <reporter-output>
          </reporter-output>
        </test-method> <!-- beforeClass -->
        <test-method status="FAIL" signature="preConditionsTest_for_LATAM_CO()[pri:0, instance:twc.Automation.ExecutableTestCases.LATAM_CO_Run@794b435f]" name="preConditionsTest_for_LATAM_CO" duration-ms="418786" started-at="2022-03-27T19:26:30Z" finished-at="2022-03-27T19:33:28Z">
          <exception class="java.lang.NullPointerException">
            <full-stacktrace>
              <![CDATA[java.lang.NullPointerException
	at java.io.File.<init>(File.java:277)
	at twc.Automation.HandleWithCharles.CharlesFunctions.archive_folder(CharlesFunctions.java:318)
	at twc.Automation.ExecutableTestCases.LATAM_CO_Run.preConditionsTest_for_LATAM_CO(LATAM_CO_Run.java:108)
	at sun.reflect.NativeMethodAccessorImpl.invoke0(Native Method)
	at sun.reflect.NativeMethodAccessorImpl.invoke(NativeMethodAccessorImpl.java:62)
	at sun.reflect.DelegatingMethodAccessorImpl.invoke(DelegatingMethodAccessorImpl.java:43)
	at java.lang.reflect.Method.invoke(Method.java:498)
	at org.testng.internal.MethodInvocationHelper.invokeMethod(MethodInvocationHelper.java:85)
	at org.testng.internal.Invoker.invokeMethod(Invoker.java:659)
	at org.testng.internal.Invoker.invokeTestMethod(Invoker.java:845)
	at org.testng.internal.Invoker.invokeTestMethods(Invoker.java:1153)
	at org.testng.internal.TestMethodWorker.invokeTestMethods(TestMethodWorker.java:125)
	at org.testng.internal.TestMethodWorker.run(TestMethodWorker.java:108)
	at org.testng.TestRunner.privateRun(TestRunner.java:771)
	at org.testng.TestRunner.run(TestRunner.java:621)
	at org.testng.SuiteRunner.runTest(SuiteRunner.java:357)
	at org.testng.SuiteRunner.runSequentially(SuiteRunner.java:352)
	at org.testng.SuiteRunner.privateRun(SuiteRunner.java:310)
	at org.testng.SuiteRunner.run(SuiteRunner.java:259)
	at org.testng.SuiteRunnerWorker.runSuite(SuiteRunnerWorker.java:52)
	at org.testng.SuiteRunnerWorker.run(SuiteRunnerWorker.java:86)
	at org.testng.TestNG.runSuitesSequentially(TestNG.java:1199)
	at org.testng.TestNG.runSuitesLocally(TestNG.java:1124)
	at org.testng.TestNG.run(TestNG.java:1032)
	at org.testng.remote.AbstractRemoteTestNG.run(AbstractRemoteTestNG.java:115)
	at org.testng.remote.RemoteTestNG.initAndRun(RemoteTestNG.java:251)
	at org.testng.remote.RemoteTestNG.main(RemoteTestNG.java:77)
]]>
            </full-stacktrace>
          </exception> <!-- java.lang.NullPointerException -->
          <reporter-output>
          </reporter-output>
        </test-method> <!-- preConditionsTest_for_LATAM_CO -->
        <test-method status="PASS" signature="Verify_Lotame_Call_for_LATAM_CO()[pri:0, instance:twc.Automation.ExecutableTestCases.LATAM_CO_Run@794b435f]" name="Verify_Lotame_Call_for_LATAM_CO" duration-ms="508" started-at="2022-03-27T19:33:28Z" finished-at="2022-03-27T19:33:29Z">
          <reporter-output>
          </reporter-output>
        </test-method> <!-- Verify_Lotame_Call_for_LATAM_CO -->
        <test-method status="PASS" signature="Verify_LocationWFXTriggers_Call__for_LATAM_CO()[pri:0, instance:twc.Automation.ExecutableTestCases.LATAM_CO_Run@794b435f]" name="Verify_LocationWFXTriggers_Call__for_LATAM_CO" duration-ms="257" started-at="2022-03-27T19:33:29Z" finished-at="2022-03-27T19:33:29Z">
          <reporter-output>
          </reporter-output>
        </test-method> <!-- Verify_LocationWFXTriggers_Call__for_LATAM_CO -->
        <test-method status="PASS" signature="Verify_WFXTriggers_Call_privacy_for_LATAM_CO()[pri:0, instance:twc.Automation.ExecutableTestCases.LATAM_CO_Run@794b435f]" name="Verify_WFXTriggers_Call_privacy_for_LATAM_CO" duration-ms="298" started-at="2022-03-27T19:33:29Z" finished-at="2022-03-27T19:33:30Z">
          <reporter-output>
          </reporter-output>
        </test-method> <!-- Verify_WFXTriggers_Call_privacy_for_LATAM_CO -->
        <test-method status="PASS" signature="Verify_Amazon_Call()[pri:0, instance:twc.Automation.ExecutableTestCases.LATAM_CO_Run@794b435f]" name="Verify_Amazon_Call" duration-ms="315" started-at="2022-03-27T19:33:30Z" finished-at="2022-03-27T19:33:30Z">
          <reporter-output>
          </reporter-output>
        </test-method> <!-- Verify_Amazon_Call -->
        <test-method status="PASS" signature="Verify_amazon_aax_feed1_adcall_for_LATAM_CO()[pri:0, instance:twc.Automation.ExecutableTestCases.LATAM_CO_Run@794b435f]" name="Verify_amazon_aax_feed1_adcall_for_LATAM_CO" duration-ms="222" started-at="2022-03-27T19:33:30Z" finished-at="2022-03-27T19:33:30Z">
          <reporter-output>
          </reporter-output>
        </test-method> <!-- Verify_amazon_aax_feed1_adcall_for_LATAM_CO -->
        <test-method status="PASS" signature="Verify_amazon_aax_feed2_adcall_for_LATAM_CO()[pri:0, instance:twc.Automation.ExecutableTestCases.LATAM_CO_Run@794b435f]" name="Verify_amazon_aax_feed2_adcall_for_LATAM_CO" duration-ms="201" started-at="2022-03-27T19:33:30Z" finished-at="2022-03-27T19:33:30Z">
          <reporter-output>
          </reporter-output>
        </test-method> <!-- Verify_amazon_aax_feed2_adcall_for_LATAM_CO -->
        <test-method status="PASS" signature="Verify_amazon_aax_feed3_adcall_for_LATAM_CO()[pri:0, instance:twc.Automation.ExecutableTestCases.LATAM_CO_Run@794b435f]" name="Verify_amazon_aax_feed3_adcall_for_LATAM_CO" duration-ms="255" started-at="2022-03-27T19:33:30Z" finished-at="2022-03-27T19:33:31Z">
          <reporter-output>
          </reporter-output>
        </test-method> <!-- Verify_amazon_aax_feed3_adcall_for_LATAM_CO -->
        <test-method status="PASS" signature="Verify_amazon_aax_PreRollVideo_adcall_for_LATAM_CO()[pri:0, instance:twc.Automation.ExecutableTestCases.LATAM_CO_Run@794b435f]" name="Verify_amazon_aax_PreRollVideo_adcall_for_LATAM_CO" duration-ms="212" started-at="2022-03-27T19:33:31Z" finished-at="2022-03-27T19:33:31Z">
          <reporter-output>
          </reporter-output>
        </test-method> <!-- Verify_amazon_aax_PreRollVideo_adcall_for_LATAM_CO -->
        <test-method status="PASS" signature="Verify_amazon_aax_map_details_adcall_for_LATAM_CO()[pri:0, instance:twc.Automation.ExecutableTestCases.LATAM_CO_Run@794b435f]" name="Verify_amazon_aax_map_details_adcall_for_LATAM_CO" duration-ms="205" started-at="2022-03-27T19:33:31Z" finished-at="2022-03-27T19:33:31Z">
          <reporter-output>
          </reporter-output>
        </test-method> <!-- Verify_amazon_aax_map_details_adcall_for_LATAM_CO -->
        <test-method status="PASS" signature="Verify_amazon_aax_Daily_details_adcall_for_LATAM_CO()[pri:0, instance:twc.Automation.ExecutableTestCases.LATAM_CO_Run@794b435f]" name="Verify_amazon_aax_Daily_details_adcall_for_LATAM_CO" duration-ms="229" started-at="2022-03-27T19:33:31Z" finished-at="2022-03-27T19:33:31Z">
          <reporter-output>
          </reporter-output>
        </test-method> <!-- Verify_amazon_aax_Daily_details_adcall_for_LATAM_CO -->
        <test-method status="PASS" signature="Verify_amazon_aax_Hourly_details_adcall_for_LATAM_CO()[pri:0, instance:twc.Automation.ExecutableTestCases.LATAM_CO_Run@794b435f]" name="Verify_amazon_aax_Hourly_details_adcall_for_LATAM_CO" duration-ms="206" started-at="2022-03-27T19:33:31Z" finished-at="2022-03-27T19:33:31Z">
          <reporter-output>
          </reporter-output>
        </test-method> <!-- Verify_amazon_aax_Hourly_details_adcall_for_LATAM_CO -->
        <test-method status="PASS" signature="Verify_amazon_aax_Hourly1_details_adcall_for_LATAM_CO()[pri:0, instance:twc.Automation.ExecutableTestCases.LATAM_CO_Run@794b435f]" name="Verify_amazon_aax_Hourly1_details_adcall_for_LATAM_CO" duration-ms="243" started-at="2022-03-27T19:33:31Z" finished-at="2022-03-27T19:33:32Z">
          <reporter-output>
          </reporter-output>
        </test-method> <!-- Verify_amazon_aax_Hourly1_details_adcall_for_LATAM_CO -->
        <test-method status="PASS" signature="Verify_amazon_aax_Hourly2_details_adcall_for_LATAM_CO()[pri:0, instance:twc.Automation.ExecutableTestCases.LATAM_CO_Run@794b435f]" name="Verify_amazon_aax_Hourly2_details_adcall_for_LATAM_CO" duration-ms="216" started-at="2022-03-27T19:33:32Z" finished-at="2022-03-27T19:33:32Z">
          <reporter-output>
          </reporter-output>
        </test-method> <!-- Verify_amazon_aax_Hourly2_details_adcall_for_LATAM_CO -->
        <test-method status="PASS" signature="Verify_amazon_aax_Hourly3_details_adcall_for_LATAM_CO()[pri:0, instance:twc.Automation.ExecutableTestCases.LATAM_CO_Run@794b435f]" name="Verify_amazon_aax_Hourly3_details_adcall_for_LATAM_CO" duration-ms="211" started-at="2022-03-27T19:33:32Z" finished-at="2022-03-27T19:33:32Z">
          <reporter-output>
          </reporter-output>
        </test-method> <!-- Verify_amazon_aax_Hourly3_details_adcall_for_LATAM_CO -->
        <test-method status="PASS" signature="validate_NextGen_IM_call_npa_val_for_LATAM_CO()[pri:0, instance:twc.Automation.ExecutableTestCases.LATAM_CO_Run@794b435f]" name="validate_NextGen_IM_call_npa_val_for_LATAM_CO" duration-ms="312" started-at="2022-03-27T19:33:32Z" finished-at="2022-03-27T19:33:32Z">
          <reporter-output>
          </reporter-output>
        </test-method> <!-- validate_NextGen_IM_call_npa_val_for_LATAM_CO -->
        <test-method status="PASS" signature="validate_Video_call_npa_val_for_LATAM_CO()[pri:0, instance:twc.Automation.ExecutableTestCases.LATAM_CO_Run@794b435f]" name="validate_Video_call_npa_val_for_LATAM_CO" duration-ms="389" started-at="2022-03-27T19:33:32Z" finished-at="2022-03-27T19:33:33Z">
          <reporter-output>
          </reporter-output>
        </test-method> <!-- validate_Video_call_npa_val_for_LATAM_CO -->
        <test-method status="PASS" signature="Smoke_Test_CaseVerify_Homescreen_marquee_adCall_LATAM_CO()[pri:0, instance:twc.Automation.ExecutableTestCases.LATAM_CO_Run@794b435f]" name="Smoke_Test_CaseVerify_Homescreen_marquee_adCall_LATAM_CO" duration-ms="268" started-at="2022-03-27T19:33:33Z" finished-at="2022-03-27T19:33:33Z">
          <reporter-output>
          </reporter-output>
        </test-method> <!-- Smoke_Test_CaseVerify_Homescreen_marquee_adCall_LATAM_CO -->
        <test-method status="PASS" signature="Smoke_Test_CaseVerify_Video_adCall_LATAM_CO()[pri:0, instance:twc.Automation.ExecutableTestCases.LATAM_CO_Run@794b435f]" name="Smoke_Test_CaseVerify_Video_adCall_LATAM_CO" duration-ms="290" started-at="2022-03-27T19:33:33Z" finished-at="2022-03-27T19:33:33Z">
          <reporter-output>
          </reporter-output>
        </test-method> <!-- Smoke_Test_CaseVerify_Video_adCall_LATAM_CO -->
        <test-method status="PASS" signature="Verify_Criteo_SDK_inapp_v2_Call_for_LATAM_CO()[pri:0, instance:twc.Automation.ExecutableTestCases.LATAM_CO_Run@794b435f]" name="Verify_Criteo_SDK_inapp_v2_Call_for_LATAM_CO" duration-ms="348" started-at="2022-03-27T19:33:33Z" finished-at="2022-03-27T19:33:34Z">
          <reporter-output>
          </reporter-output>
        </test-method> <!-- Verify_Criteo_SDK_inapp_v2_Call_for_LATAM_CO -->
        <test-method status="FAIL" signature="Verify_Criteo_SDK_config_app_Call_for_LATAM_CO()[pri:0, instance:twc.Automation.ExecutableTestCases.LATAM_CO_Run@794b435f]" name="Verify_Criteo_SDK_config_app_Call_for_LATAM_CO" duration-ms="285" started-at="2022-03-27T19:33:34Z" finished-at="2022-03-27T19:33:34Z">
          <exception class="java.lang.NullPointerException">
            <full-stacktrace>
              <![CDATA[java.lang.NullPointerException
	at java.io.File.<init>(File.java:277)
	at twc.Automation.HandleWithCharles.CharlesFunctions.archive_folder(CharlesFunctions.java:318)
	at twc.Automation.ExecutableTestCases.LATAM_CO_Run.Verify_Criteo_SDK_config_app_Call_for_LATAM_CO(LATAM_CO_Run.java:357)
	at sun.reflect.NativeMethodAccessorImpl.invoke0(Native Method)
	at sun.reflect.NativeMethodAccessorImpl.invoke(NativeMethodAccessorImpl.java:62)
	at sun.reflect.DelegatingMethodAccessorImpl.invoke(DelegatingMethodAccessorImpl.java:43)
	at java.lang.reflect.Method.invoke(Method.java:498)
	at org.testng.internal.MethodInvocationHelper.invokeMethod(MethodInvocationHelper.java:85)
	at org.testng.internal.Invoker.invokeMethod(Invoker.java:659)
	at org.testng.internal.Invoker.invokeTestMethod(Invoker.java:845)
	at org.testng.internal.Invoker.invokeTestMethods(Invoker.java:1153)
	at org.testng.internal.TestMethodWorker.invokeTestMethods(TestMethodWorker.java:125)
	at org.testng.internal.TestMethodWorker.run(TestMethodWorker.java:108)
	at org.testng.TestRunner.privateRun(TestRunner.java:771)
	at org.testng.TestRunner.run(TestRunner.java:621)
	at org.testng.SuiteRunner.runTest(SuiteRunner.java:357)
	at org.testng.SuiteRunner.runSequentially(SuiteRunner.java:352)
	at org.testng.SuiteRunner.privateRun(SuiteRunner.java:310)
	at org.testng.SuiteRunner.run(SuiteRunner.java:259)
	at org.testng.SuiteRunnerWorker.runSuite(SuiteRunnerWorker.java:52)
	at org.testng.SuiteRunnerWorker.run(SuiteRunnerWorker.java:86)
	at org.testng.TestNG.runSuitesSequentially(TestNG.java:1199)
	at org.testng.TestNG.runSuitesLocally(TestNG.java:1124)
	at org.testng.TestNG.run(TestNG.java:1032)
	at org.testng.remote.AbstractRemoteTestNG.run(AbstractRemoteTestNG.java:115)
	at org.testng.remote.RemoteTestNG.initAndRun(RemoteTestNG.java:251)
	at org.testng.remote.RemoteTestNG.main(RemoteTestNG.java:77)
]]>
            </full-stacktrace>
          </exception> <!-- java.lang.NullPointerException -->
          <reporter-output>
          </reporter-output>
        </test-method> <!-- Verify_Criteo_SDK_config_app_Call_for_LATAM_CO -->
        <test-method status="PASS" signature="afterClass()[pri:0, instance:twc.Automation.ExecutableTestCases.LATAM_CO_Run@794b435f]" name="afterClass" is-config="true" duration-ms="23" started-at="2022-03-27T19:33:34Z" finished-at="2022-03-27T19:33:34Z">
          <reporter-output>
          </reporter-output>
        </test-method> <!-- afterClass -->
      </class> <!-- twc.Automation.ExecutableTestCases.LATAM_CO_Run -->
      <class name="twc.Automation.ExecutableTestCases.EXEMPT_Run">
        <test-method status="PASS" signature="beforeClass()[pri:0, instance:twc.Automation.ExecutableTestCases.EXEMPT_Run@38f2e97e]" name="beforeClass" is-config="true" duration-ms="30079" started-at="2022-03-27T19:48:40Z" finished-at="2022-03-27T19:49:10Z">
          <reporter-output>
          </reporter-output>
        </test-method> <!-- beforeClass -->
        <test-method status="FAIL" signature="preConditionsTest_for_EXEMPT()[pri:0, instance:twc.Automation.ExecutableTestCases.EXEMPT_Run@38f2e97e]" name="preConditionsTest_for_EXEMPT" duration-ms="418922" started-at="2022-03-27T19:49:10Z" finished-at="2022-03-27T19:56:09Z">
          <exception class="java.lang.NullPointerException">
            <full-stacktrace>
              <![CDATA[java.lang.NullPointerException
	at java.io.File.<init>(File.java:277)
	at twc.Automation.HandleWithCharles.CharlesFunctions.archive_folder(CharlesFunctions.java:318)
	at twc.Automation.ExecutableTestCases.EXEMPT_Run.preConditionsTest_for_EXEMPT(EXEMPT_Run.java:119)
	at sun.reflect.NativeMethodAccessorImpl.invoke0(Native Method)
	at sun.reflect.NativeMethodAccessorImpl.invoke(NativeMethodAccessorImpl.java:62)
	at sun.reflect.DelegatingMethodAccessorImpl.invoke(DelegatingMethodAccessorImpl.java:43)
	at java.lang.reflect.Method.invoke(Method.java:498)
	at org.testng.internal.MethodInvocationHelper.invokeMethod(MethodInvocationHelper.java:85)
	at org.testng.internal.Invoker.invokeMethod(Invoker.java:659)
	at org.testng.internal.Invoker.invokeTestMethod(Invoker.java:845)
	at org.testng.internal.Invoker.invokeTestMethods(Invoker.java:1153)
	at org.testng.internal.TestMethodWorker.invokeTestMethods(TestMethodWorker.java:125)
	at org.testng.internal.TestMethodWorker.run(TestMethodWorker.java:108)
	at org.testng.TestRunner.privateRun(TestRunner.java:771)
	at org.testng.TestRunner.run(TestRunner.java:621)
	at org.testng.SuiteRunner.runTest(SuiteRunner.java:357)
	at org.testng.SuiteRunner.runSequentially(SuiteRunner.java:352)
	at org.testng.SuiteRunner.privateRun(SuiteRunner.java:310)
	at org.testng.SuiteRunner.run(SuiteRunner.java:259)
	at org.testng.SuiteRunnerWorker.runSuite(SuiteRunnerWorker.java:52)
	at org.testng.SuiteRunnerWorker.run(SuiteRunnerWorker.java:86)
	at org.testng.TestNG.runSuitesSequentially(TestNG.java:1199)
	at org.testng.TestNG.runSuitesLocally(TestNG.java:1124)
	at org.testng.TestNG.run(TestNG.java:1032)
	at org.testng.remote.AbstractRemoteTestNG.run(AbstractRemoteTestNG.java:115)
	at org.testng.remote.RemoteTestNG.initAndRun(RemoteTestNG.java:251)
	at org.testng.remote.RemoteTestNG.main(RemoteTestNG.java:77)
]]>
            </full-stacktrace>
          </exception> <!-- java.lang.NullPointerException -->
          <reporter-output>
          </reporter-output>
        </test-method> <!-- preConditionsTest_for_EXEMPT -->
        <test-method status="PASS" signature="Verify_Lotame_Call_for_EXEMPT()[pri:0, instance:twc.Automation.ExecutableTestCases.EXEMPT_Run@38f2e97e]" name="Verify_Lotame_Call_for_EXEMPT" duration-ms="300" started-at="2022-03-27T19:56:10Z" finished-at="2022-03-27T19:56:10Z">
          <reporter-output>
          </reporter-output>
        </test-method> <!-- Verify_Lotame_Call_for_EXEMPT -->
        <test-method status="PASS" signature="Verify_LocationWFXTriggers_Call__for_EXEMPT()[pri:0, instance:twc.Automation.ExecutableTestCases.EXEMPT_Run@38f2e97e]" name="Verify_LocationWFXTriggers_Call__for_EXEMPT" duration-ms="285" started-at="2022-03-27T19:56:10Z" finished-at="2022-03-27T19:56:10Z">
          <reporter-output>
          </reporter-output>
        </test-method> <!-- Verify_LocationWFXTriggers_Call__for_EXEMPT -->
        <test-method status="PASS" signature="Verify_WFXTriggers_Call_privacy_for_EXEMPT()[pri:0, instance:twc.Automation.ExecutableTestCases.EXEMPT_Run@38f2e97e]" name="Verify_WFXTriggers_Call_privacy_for_EXEMPT" duration-ms="287" started-at="2022-03-27T19:56:10Z" finished-at="2022-03-27T19:56:10Z">
          <reporter-output>
          </reporter-output>
        </test-method> <!-- Verify_WFXTriggers_Call_privacy_for_EXEMPT -->
        <test-method status="PASS" signature="Verify_Amazon_Call()[pri:0, instance:twc.Automation.ExecutableTestCases.EXEMPT_Run@38f2e97e]" name="Verify_Amazon_Call" duration-ms="258" started-at="2022-03-27T19:56:10Z" finished-at="2022-03-27T19:56:11Z">
          <reporter-output>
          </reporter-output>
        </test-method> <!-- Verify_Amazon_Call -->
        <test-method status="PASS" signature="Verify_amazon_aax_feed1_adcall_for_EXEMPT()[pri:0, instance:twc.Automation.ExecutableTestCases.EXEMPT_Run@38f2e97e]" name="Verify_amazon_aax_feed1_adcall_for_EXEMPT" duration-ms="226" started-at="2022-03-27T19:56:11Z" finished-at="2022-03-27T19:56:11Z">
          <reporter-output>
          </reporter-output>
        </test-method> <!-- Verify_amazon_aax_feed1_adcall_for_EXEMPT -->
        <test-method status="PASS" signature="Verify_amazon_aax_feed2_adcall_for_EXEMPT()[pri:0, instance:twc.Automation.ExecutableTestCases.EXEMPT_Run@38f2e97e]" name="Verify_amazon_aax_feed2_adcall_for_EXEMPT" duration-ms="208" started-at="2022-03-27T19:56:11Z" finished-at="2022-03-27T19:56:11Z">
          <reporter-output>
          </reporter-output>
        </test-method> <!-- Verify_amazon_aax_feed2_adcall_for_EXEMPT -->
        <test-method status="PASS" signature="Verify_amazon_aax_feed3_adcall_for_EXEMPT()[pri:0, instance:twc.Automation.ExecutableTestCases.EXEMPT_Run@38f2e97e]" name="Verify_amazon_aax_feed3_adcall_for_EXEMPT" duration-ms="207" started-at="2022-03-27T19:56:11Z" finished-at="2022-03-27T19:56:11Z">
          <reporter-output>
          </reporter-output>
        </test-method> <!-- Verify_amazon_aax_feed3_adcall_for_EXEMPT -->
        <test-method status="PASS" signature="Verify_amazon_aax_PreRollVideo_adcall_for_EXEMPT()[pri:0, instance:twc.Automation.ExecutableTestCases.EXEMPT_Run@38f2e97e]" name="Verify_amazon_aax_PreRollVideo_adcall_for_EXEMPT" duration-ms="210" started-at="2022-03-27T19:56:11Z" finished-at="2022-03-27T19:56:12Z">
          <reporter-output>
          </reporter-output>
        </test-method> <!-- Verify_amazon_aax_PreRollVideo_adcall_for_EXEMPT -->
        <test-method status="PASS" signature="Verify_amazon_aax_map_details_adcall_for_EXEMPT()[pri:0, instance:twc.Automation.ExecutableTestCases.EXEMPT_Run@38f2e97e]" name="Verify_amazon_aax_map_details_adcall_for_EXEMPT" duration-ms="230" started-at="2022-03-27T19:56:12Z" finished-at="2022-03-27T19:56:12Z">
          <reporter-output>
          </reporter-output>
        </test-method> <!-- Verify_amazon_aax_map_details_adcall_for_EXEMPT -->
        <test-method status="PASS" signature="Verify_amazon_aax_Daily_details_adcall_for_EXEMPT()[pri:0, instance:twc.Automation.ExecutableTestCases.EXEMPT_Run@38f2e97e]" name="Verify_amazon_aax_Daily_details_adcall_for_EXEMPT" duration-ms="202" started-at="2022-03-27T19:56:12Z" finished-at="2022-03-27T19:56:12Z">
          <reporter-output>
          </reporter-output>
        </test-method> <!-- Verify_amazon_aax_Daily_details_adcall_for_EXEMPT -->
        <test-method status="PASS" signature="Verify_amazon_aax_Hourly_details_adcall_for_EXEMPT()[pri:0, instance:twc.Automation.ExecutableTestCases.EXEMPT_Run@38f2e97e]" name="Verify_amazon_aax_Hourly_details_adcall_for_EXEMPT" duration-ms="208" started-at="2022-03-27T19:56:12Z" finished-at="2022-03-27T19:56:12Z">
          <reporter-output>
          </reporter-output>
        </test-method> <!-- Verify_amazon_aax_Hourly_details_adcall_for_EXEMPT -->
        <test-method status="PASS" signature="Verify_amazon_aax_Hourly1_details_adcall_for_EXEMPT()[pri:0, instance:twc.Automation.ExecutableTestCases.EXEMPT_Run@38f2e97e]" name="Verify_amazon_aax_Hourly1_details_adcall_for_EXEMPT" duration-ms="210" started-at="2022-03-27T19:56:12Z" finished-at="2022-03-27T19:56:12Z">
          <reporter-output>
          </reporter-output>
        </test-method> <!-- Verify_amazon_aax_Hourly1_details_adcall_for_EXEMPT -->
        <test-method status="PASS" signature="Verify_amazon_aax_Hourly2_details_adcall_for_EXEMPT()[pri:0, instance:twc.Automation.ExecutableTestCases.EXEMPT_Run@38f2e97e]" name="Verify_amazon_aax_Hourly2_details_adcall_for_EXEMPT" duration-ms="230" started-at="2022-03-27T19:56:12Z" finished-at="2022-03-27T19:56:13Z">
          <reporter-output>
          </reporter-output>
        </test-method> <!-- Verify_amazon_aax_Hourly2_details_adcall_for_EXEMPT -->
        <test-method status="PASS" signature="Verify_amazon_aax_Hourly3_details_adcall_for_EXEMPT()[pri:0, instance:twc.Automation.ExecutableTestCases.EXEMPT_Run@38f2e97e]" name="Verify_amazon_aax_Hourly3_details_adcall_for_EXEMPT" duration-ms="215" started-at="2022-03-27T19:56:13Z" finished-at="2022-03-27T19:56:13Z">
          <reporter-output>
          </reporter-output>
        </test-method> <!-- Verify_amazon_aax_Hourly3_details_adcall_for_EXEMPT -->
        <test-method status="PASS" signature="Verify_Criteo_SDK_inapp_v2_Call_for_EXEMPT()[pri:0, instance:twc.Automation.ExecutableTestCases.EXEMPT_Run@38f2e97e]" name="Verify_Criteo_SDK_inapp_v2_Call_for_EXEMPT" duration-ms="246" started-at="2022-03-27T19:56:13Z" finished-at="2022-03-27T19:56:13Z">
          <reporter-output>
          </reporter-output>
        </test-method> <!-- Verify_Criteo_SDK_inapp_v2_Call_for_EXEMPT -->
        <test-method status="FAIL" signature="Verify_Criteo_SDK_config_app_Call_for_EXEMPT()[pri:0, instance:twc.Automation.ExecutableTestCases.EXEMPT_Run@38f2e97e]" name="Verify_Criteo_SDK_config_app_Call_for_EXEMPT" duration-ms="304" started-at="2022-03-27T19:56:13Z" finished-at="2022-03-27T19:56:13Z">
          <exception class="java.lang.NullPointerException">
            <full-stacktrace>
              <![CDATA[java.lang.NullPointerException
	at java.io.File.<init>(File.java:277)
	at twc.Automation.HandleWithCharles.CharlesFunctions.archive_folder(CharlesFunctions.java:318)
	at twc.Automation.ExecutableTestCases.EXEMPT_Run.Verify_Criteo_SDK_config_app_Call_for_EXEMPT(EXEMPT_Run.java:325)
	at sun.reflect.NativeMethodAccessorImpl.invoke0(Native Method)
	at sun.reflect.NativeMethodAccessorImpl.invoke(NativeMethodAccessorImpl.java:62)
	at sun.reflect.DelegatingMethodAccessorImpl.invoke(DelegatingMethodAccessorImpl.java:43)
	at java.lang.reflect.Method.invoke(Method.java:498)
	at org.testng.internal.MethodInvocationHelper.invokeMethod(MethodInvocationHelper.java:85)
	at org.testng.internal.Invoker.invokeMethod(Invoker.java:659)
	at org.testng.internal.Invoker.invokeTestMethod(Invoker.java:845)
	at org.testng.internal.Invoker.invokeTestMethods(Invoker.java:1153)
	at org.testng.internal.TestMethodWorker.invokeTestMethods(TestMethodWorker.java:125)
	at org.testng.internal.TestMethodWorker.run(TestMethodWorker.java:108)
	at org.testng.TestRunner.privateRun(TestRunner.java:771)
	at org.testng.TestRunner.run(TestRunner.java:621)
	at org.testng.SuiteRunner.runTest(SuiteRunner.java:357)
	at org.testng.SuiteRunner.runSequentially(SuiteRunner.java:352)
	at org.testng.SuiteRunner.privateRun(SuiteRunner.java:310)
	at org.testng.SuiteRunner.run(SuiteRunner.java:259)
	at org.testng.SuiteRunnerWorker.runSuite(SuiteRunnerWorker.java:52)
	at org.testng.SuiteRunnerWorker.run(SuiteRunnerWorker.java:86)
	at org.testng.TestNG.runSuitesSequentially(TestNG.java:1199)
	at org.testng.TestNG.runSuitesLocally(TestNG.java:1124)
	at org.testng.TestNG.run(TestNG.java:1032)
	at org.testng.remote.AbstractRemoteTestNG.run(AbstractRemoteTestNG.java:115)
	at org.testng.remote.RemoteTestNG.initAndRun(RemoteTestNG.java:251)
	at org.testng.remote.RemoteTestNG.main(RemoteTestNG.java:77)
]]>
            </full-stacktrace>
          </exception> <!-- java.lang.NullPointerException -->
          <reporter-output>
          </reporter-output>
        </test-method> <!-- Verify_Criteo_SDK_config_app_Call_for_EXEMPT -->
        <test-method status="PASS" signature="afterClass()[pri:0, instance:twc.Automation.ExecutableTestCases.EXEMPT_Run@38f2e97e]" name="afterClass" is-config="true" duration-ms="22" started-at="2022-03-27T19:56:13Z" finished-at="2022-03-27T19:56:13Z">
          <reporter-output>
          </reporter-output>
        </test-method> <!-- afterClass -->
      </class> <!-- twc.Automation.ExecutableTestCases.EXEMPT_Run -->
      <class name="twc.Automation.ExecutableTestCases.LATAM_PE_Run">
        <test-method status="PASS" signature="beforeClass()[pri:0, instance:twc.Automation.ExecutableTestCases.LATAM_PE_Run@323659f8]" name="beforeClass" is-config="true" duration-ms="30081" started-at="2022-03-27T19:41:05Z" finished-at="2022-03-27T19:41:35Z">
          <reporter-output>
          </reporter-output>
        </test-method> <!-- beforeClass -->
        <test-method status="PASS" signature="validate_NextGen_IM_call_npa_val_for_LATAM_PE()[pri:0, instance:twc.Automation.ExecutableTestCases.LATAM_PE_Run@323659f8]" name="validate_NextGen_IM_call_npa_val_for_LATAM_PE" duration-ms="340" started-at="2022-03-27T19:41:35Z" finished-at="2022-03-27T19:41:35Z">
          <reporter-output>
          </reporter-output>
        </test-method> <!-- validate_NextGen_IM_call_npa_val_for_LATAM_PE -->
        <test-method status="FAIL" signature="preConditionsTest_for_LATAM_PE()[pri:0, instance:twc.Automation.ExecutableTestCases.LATAM_PE_Run@323659f8]" name="preConditionsTest_for_LATAM_PE" duration-ms="418152" started-at="2022-03-27T19:41:37Z" finished-at="2022-03-27T19:48:35Z">
          <exception class="java.lang.NullPointerException">
            <full-stacktrace>
              <![CDATA[java.lang.NullPointerException
	at java.io.File.<init>(File.java:277)
	at twc.Automation.HandleWithCharles.CharlesFunctions.archive_folder(CharlesFunctions.java:318)
	at twc.Automation.ExecutableTestCases.LATAM_PE_Run.preConditionsTest_for_LATAM_PE(LATAM_PE_Run.java:111)
	at sun.reflect.NativeMethodAccessorImpl.invoke0(Native Method)
	at sun.reflect.NativeMethodAccessorImpl.invoke(NativeMethodAccessorImpl.java:62)
	at sun.reflect.DelegatingMethodAccessorImpl.invoke(DelegatingMethodAccessorImpl.java:43)
	at java.lang.reflect.Method.invoke(Method.java:498)
	at org.testng.internal.MethodInvocationHelper.invokeMethod(MethodInvocationHelper.java:85)
	at org.testng.internal.Invoker.invokeMethod(Invoker.java:659)
	at org.testng.internal.Invoker.invokeTestMethod(Invoker.java:845)
	at org.testng.internal.Invoker.invokeTestMethods(Invoker.java:1153)
	at org.testng.internal.TestMethodWorker.invokeTestMethods(TestMethodWorker.java:125)
	at org.testng.internal.TestMethodWorker.run(TestMethodWorker.java:108)
	at org.testng.TestRunner.privateRun(TestRunner.java:771)
	at org.testng.TestRunner.run(TestRunner.java:621)
	at org.testng.SuiteRunner.runTest(SuiteRunner.java:357)
	at org.testng.SuiteRunner.runSequentially(SuiteRunner.java:352)
	at org.testng.SuiteRunner.privateRun(SuiteRunner.java:310)
	at org.testng.SuiteRunner.run(SuiteRunner.java:259)
	at org.testng.SuiteRunnerWorker.runSuite(SuiteRunnerWorker.java:52)
	at org.testng.SuiteRunnerWorker.run(SuiteRunnerWorker.java:86)
	at org.testng.TestNG.runSuitesSequentially(TestNG.java:1199)
	at org.testng.TestNG.runSuitesLocally(TestNG.java:1124)
	at org.testng.TestNG.run(TestNG.java:1032)
	at org.testng.remote.AbstractRemoteTestNG.run(AbstractRemoteTestNG.java:115)
	at org.testng.remote.RemoteTestNG.initAndRun(RemoteTestNG.java:251)
	at org.testng.remote.RemoteTestNG.main(RemoteTestNG.java:77)
]]>
            </full-stacktrace>
          </exception> <!-- java.lang.NullPointerException -->
          <reporter-output>
          </reporter-output>
        </test-method> <!-- preConditionsTest_for_LATAM_PE -->
        <test-method status="PASS" signature="Verify_Lotame_Call_for_LATAM_PE()[pri:0, instance:twc.Automation.ExecutableTestCases.LATAM_PE_Run@323659f8]" name="Verify_Lotame_Call_for_LATAM_PE" duration-ms="566" started-at="2022-03-27T19:48:35Z" finished-at="2022-03-27T19:48:36Z">
          <reporter-output>
          </reporter-output>
        </test-method> <!-- Verify_Lotame_Call_for_LATAM_PE -->
        <test-method status="PASS" signature="Verify_LocationWFXTriggers_Call__for_LATAM_PE()[pri:0, instance:twc.Automation.ExecutableTestCases.LATAM_PE_Run@323659f8]" name="Verify_LocationWFXTriggers_Call__for_LATAM_PE" duration-ms="354" started-at="2022-03-27T19:48:36Z" finished-at="2022-03-27T19:48:36Z">
          <reporter-output>
          </reporter-output>
        </test-method> <!-- Verify_LocationWFXTriggers_Call__for_LATAM_PE -->
        <test-method status="PASS" signature="Verify_WFXTriggers_Call_privacy_for_LATAM_PE()[pri:0, instance:twc.Automation.ExecutableTestCases.LATAM_PE_Run@323659f8]" name="Verify_WFXTriggers_Call_privacy_for_LATAM_PE" duration-ms="272" started-at="2022-03-27T19:48:36Z" finished-at="2022-03-27T19:48:36Z">
          <reporter-output>
          </reporter-output>
        </test-method> <!-- Verify_WFXTriggers_Call_privacy_for_LATAM_PE -->
        <test-method status="PASS" signature="Verify_Amazon_Call()[pri:0, instance:twc.Automation.ExecutableTestCases.LATAM_PE_Run@323659f8]" name="Verify_Amazon_Call" duration-ms="312" started-at="2022-03-27T19:48:36Z" finished-at="2022-03-27T19:48:37Z">
          <reporter-output>
          </reporter-output>
        </test-method> <!-- Verify_Amazon_Call -->
        <test-method status="PASS" signature="Verify_amazon_aax_feed1_adcall_for_LATAM_PE()[pri:0, instance:twc.Automation.ExecutableTestCases.LATAM_PE_Run@323659f8]" name="Verify_amazon_aax_feed1_adcall_for_LATAM_PE" duration-ms="226" started-at="2022-03-27T19:48:37Z" finished-at="2022-03-27T19:48:37Z">
          <reporter-output>
          </reporter-output>
        </test-method> <!-- Verify_amazon_aax_feed1_adcall_for_LATAM_PE -->
        <test-method status="PASS" signature="Verify_amazon_aax_feed2_adcall_for_LATAM_PE()[pri:0, instance:twc.Automation.ExecutableTestCases.LATAM_PE_Run@323659f8]" name="Verify_amazon_aax_feed2_adcall_for_LATAM_PE" duration-ms="205" started-at="2022-03-27T19:48:37Z" finished-at="2022-03-27T19:48:37Z">
          <reporter-output>
          </reporter-output>
        </test-method> <!-- Verify_amazon_aax_feed2_adcall_for_LATAM_PE -->
        <test-method status="PASS" signature="Verify_amazon_aax_feed3_adcall_for_LATAM_PE()[pri:0, instance:twc.Automation.ExecutableTestCases.LATAM_PE_Run@323659f8]" name="Verify_amazon_aax_feed3_adcall_for_LATAM_PE" duration-ms="235" started-at="2022-03-27T19:48:37Z" finished-at="2022-03-27T19:48:37Z">
          <reporter-output>
          </reporter-output>
        </test-method> <!-- Verify_amazon_aax_feed3_adcall_for_LATAM_PE -->
        <test-method status="PASS" signature="Verify_amazon_aax_PreRollVideo_adcall_for_LATAM_PE()[pri:0, instance:twc.Automation.ExecutableTestCases.LATAM_PE_Run@323659f8]" name="Verify_amazon_aax_PreRollVideo_adcall_for_LATAM_PE" duration-ms="212" started-at="2022-03-27T19:48:37Z" finished-at="2022-03-27T19:48:38Z">
          <reporter-output>
          </reporter-output>
        </test-method> <!-- Verify_amazon_aax_PreRollVideo_adcall_for_LATAM_PE -->
        <test-method status="PASS" signature="Verify_amazon_aax_map_details_adcall_for_LATAM_PE()[pri:0, instance:twc.Automation.ExecutableTestCases.LATAM_PE_Run@323659f8]" name="Verify_amazon_aax_map_details_adcall_for_LATAM_PE" duration-ms="215" started-at="2022-03-27T19:48:38Z" finished-at="2022-03-27T19:48:38Z">
          <reporter-output>
          </reporter-output>
        </test-method> <!-- Verify_amazon_aax_map_details_adcall_for_LATAM_PE -->
        <test-method status="PASS" signature="Verify_amazon_aax_Daily_details_adcall_for_LATAM_PE()[pri:0, instance:twc.Automation.ExecutableTestCases.LATAM_PE_Run@323659f8]" name="Verify_amazon_aax_Daily_details_adcall_for_LATAM_PE" duration-ms="246" started-at="2022-03-27T19:48:38Z" finished-at="2022-03-27T19:48:38Z">
          <reporter-output>
          </reporter-output>
        </test-method> <!-- Verify_amazon_aax_Daily_details_adcall_for_LATAM_PE -->
        <test-method status="PASS" signature="Verify_amazon_aax_Hourly_details_adcall_for_LATAM_PE()[pri:0, instance:twc.Automation.ExecutableTestCases.LATAM_PE_Run@323659f8]" name="Verify_amazon_aax_Hourly_details_adcall_for_LATAM_PE" duration-ms="206" started-at="2022-03-27T19:48:38Z" finished-at="2022-03-27T19:48:38Z">
          <reporter-output>
          </reporter-output>
        </test-method> <!-- Verify_amazon_aax_Hourly_details_adcall_for_LATAM_PE -->
        <test-method status="PASS" signature="Verify_amazon_aax_Hourly1_details_adcall_for_LATAM_PE()[pri:0, instance:twc.Automation.ExecutableTestCases.LATAM_PE_Run@323659f8]" name="Verify_amazon_aax_Hourly1_details_adcall_for_LATAM_PE" duration-ms="216" started-at="2022-03-27T19:48:38Z" finished-at="2022-03-27T19:48:38Z">
          <reporter-output>
          </reporter-output>
        </test-method> <!-- Verify_amazon_aax_Hourly1_details_adcall_for_LATAM_PE -->
        <test-method status="PASS" signature="Verify_amazon_aax_Hourly2_details_adcall_for_LATAM_PE()[pri:0, instance:twc.Automation.ExecutableTestCases.LATAM_PE_Run@323659f8]" name="Verify_amazon_aax_Hourly2_details_adcall_for_LATAM_PE" duration-ms="210" started-at="2022-03-27T19:48:38Z" finished-at="2022-03-27T19:48:39Z">
          <reporter-output>
          </reporter-output>
        </test-method> <!-- Verify_amazon_aax_Hourly2_details_adcall_for_LATAM_PE -->
        <test-method status="PASS" signature="Verify_amazon_aax_Hourly3_details_adcall_for_LATAM_PE()[pri:0, instance:twc.Automation.ExecutableTestCases.LATAM_PE_Run@323659f8]" name="Verify_amazon_aax_Hourly3_details_adcall_for_LATAM_PE" duration-ms="229" started-at="2022-03-27T19:48:39Z" finished-at="2022-03-27T19:48:39Z">
          <reporter-output>
          </reporter-output>
        </test-method> <!-- Verify_amazon_aax_Hourly3_details_adcall_for_LATAM_PE -->
        <test-method status="PASS" signature="validate_Video_call_npa_val_for_LATAM_PE()[pri:0, instance:twc.Automation.ExecutableTestCases.LATAM_PE_Run@323659f8]" name="validate_Video_call_npa_val_for_LATAM_PE" duration-ms="256" started-at="2022-03-27T19:48:39Z" finished-at="2022-03-27T19:48:39Z">
          <reporter-output>
          </reporter-output>
        </test-method> <!-- validate_Video_call_npa_val_for_LATAM_PE -->
        <test-method status="PASS" signature="Smoke_Test_CaseVerify_Homescreen_marquee_adCall_LATAM_PE()[pri:0, instance:twc.Automation.ExecutableTestCases.LATAM_PE_Run@323659f8]" name="Smoke_Test_CaseVerify_Homescreen_marquee_adCall_LATAM_PE" duration-ms="341" started-at="2022-03-27T19:48:39Z" finished-at="2022-03-27T19:48:40Z">
          <reporter-output>
          </reporter-output>
        </test-method> <!-- Smoke_Test_CaseVerify_Homescreen_marquee_adCall_LATAM_PE -->
        <test-method status="PASS" signature="Smoke_Test_CaseVerify_Video_adCall_LATAM_PE()[pri:0, instance:twc.Automation.ExecutableTestCases.LATAM_PE_Run@323659f8]" name="Smoke_Test_CaseVerify_Video_adCall_LATAM_PE" duration-ms="269" started-at="2022-03-27T19:48:40Z" finished-at="2022-03-27T19:48:40Z">
          <reporter-output>
          </reporter-output>
        </test-method> <!-- Smoke_Test_CaseVerify_Video_adCall_LATAM_PE -->
        <test-method status="PASS" signature="Verify_Criteo_SDK_inapp_v2_Call_for_LATAM_PE()[pri:0, instance:twc.Automation.ExecutableTestCases.LATAM_PE_Run@323659f8]" name="Verify_Criteo_SDK_inapp_v2_Call_for_LATAM_PE" duration-ms="302" started-at="2022-03-27T19:48:40Z" finished-at="2022-03-27T19:48:40Z">
          <reporter-output>
          </reporter-output>
        </test-method> <!-- Verify_Criteo_SDK_inapp_v2_Call_for_LATAM_PE -->
        <test-method status="FAIL" signature="Verify_Criteo_SDK_config_app_Call_for_LATAM_PE()[pri:0, instance:twc.Automation.ExecutableTestCases.LATAM_PE_Run@323659f8]" name="Verify_Criteo_SDK_config_app_Call_for_LATAM_PE" duration-ms="277" started-at="2022-03-27T19:48:40Z" finished-at="2022-03-27T19:48:40Z">
          <exception class="java.lang.NullPointerException">
            <full-stacktrace>
              <![CDATA[java.lang.NullPointerException
	at java.io.File.<init>(File.java:277)
	at twc.Automation.HandleWithCharles.CharlesFunctions.archive_folder(CharlesFunctions.java:318)
	at twc.Automation.ExecutableTestCases.LATAM_PE_Run.Verify_Criteo_SDK_config_app_Call_for_LATAM_PE(LATAM_PE_Run.java:359)
	at sun.reflect.NativeMethodAccessorImpl.invoke0(Native Method)
	at sun.reflect.NativeMethodAccessorImpl.invoke(NativeMethodAccessorImpl.java:62)
	at sun.reflect.DelegatingMethodAccessorImpl.invoke(DelegatingMethodAccessorImpl.java:43)
	at java.lang.reflect.Method.invoke(Method.java:498)
	at org.testng.internal.MethodInvocationHelper.invokeMethod(MethodInvocationHelper.java:85)
	at org.testng.internal.Invoker.invokeMethod(Invoker.java:659)
	at org.testng.internal.Invoker.invokeTestMethod(Invoker.java:845)
	at org.testng.internal.Invoker.invokeTestMethods(Invoker.java:1153)
	at org.testng.internal.TestMethodWorker.invokeTestMethods(TestMethodWorker.java:125)
	at org.testng.internal.TestMethodWorker.run(TestMethodWorker.java:108)
	at org.testng.TestRunner.privateRun(TestRunner.java:771)
	at org.testng.TestRunner.run(TestRunner.java:621)
	at org.testng.SuiteRunner.runTest(SuiteRunner.java:357)
	at org.testng.SuiteRunner.runSequentially(SuiteRunner.java:352)
	at org.testng.SuiteRunner.privateRun(SuiteRunner.java:310)
	at org.testng.SuiteRunner.run(SuiteRunner.java:259)
	at org.testng.SuiteRunnerWorker.runSuite(SuiteRunnerWorker.java:52)
	at org.testng.SuiteRunnerWorker.run(SuiteRunnerWorker.java:86)
	at org.testng.TestNG.runSuitesSequentially(TestNG.java:1199)
	at org.testng.TestNG.runSuitesLocally(TestNG.java:1124)
	at org.testng.TestNG.run(TestNG.java:1032)
	at org.testng.remote.AbstractRemoteTestNG.run(AbstractRemoteTestNG.java:115)
	at org.testng.remote.RemoteTestNG.initAndRun(RemoteTestNG.java:251)
	at org.testng.remote.RemoteTestNG.main(RemoteTestNG.java:77)
]]>
            </full-stacktrace>
          </exception> <!-- java.lang.NullPointerException -->
          <reporter-output>
          </reporter-output>
        </test-method> <!-- Verify_Criteo_SDK_config_app_Call_for_LATAM_PE -->
        <test-method status="PASS" signature="afterClass()[pri:0, instance:twc.Automation.ExecutableTestCases.LATAM_PE_Run@323659f8]" name="afterClass" is-config="true" duration-ms="26" started-at="2022-03-27T19:48:40Z" finished-at="2022-03-27T19:48:40Z">
          <reporter-output>
          </reporter-output>
        </test-method> <!-- afterClass -->
      </class> <!-- twc.Automation.ExecutableTestCases.LATAM_PE_Run -->
      <class name="twc.Automation.ExecutableTestCases.SerbiaPrivacyTest">
        <test-method status="PASS" signature="beforeClass()[pri:0, instance:twc.Automation.ExecutableTestCases.SerbiaPrivacyTest@779dfe55]" name="beforeClass" is-config="true" duration-ms="30065" started-at="2022-03-27T19:56:13Z" finished-at="2022-03-27T19:56:43Z">
          <reporter-output>
          </reporter-output>
        </test-method> <!-- beforeClass -->
        <test-method status="FAIL" signature="preConditionsTest_for_Serbia()[pri:0, instance:twc.Automation.ExecutableTestCases.SerbiaPrivacyTest@779dfe55]" name="preConditionsTest_for_Serbia" duration-ms="390312" started-at="2022-03-27T19:56:43Z" finished-at="2022-03-27T20:03:14Z">
          <exception class="java.lang.NullPointerException">
            <full-stacktrace>
              <![CDATA[java.lang.NullPointerException
	at java.io.File.<init>(File.java:277)
	at twc.Automation.HandleWithCharles.CharlesFunctions.archive_folder(CharlesFunctions.java:318)
	at twc.Automation.ExecutableTestCases.SerbiaPrivacyTest.preConditionsTest_for_Serbia(SerbiaPrivacyTest.java:134)
	at sun.reflect.NativeMethodAccessorImpl.invoke0(Native Method)
	at sun.reflect.NativeMethodAccessorImpl.invoke(NativeMethodAccessorImpl.java:62)
	at sun.reflect.DelegatingMethodAccessorImpl.invoke(DelegatingMethodAccessorImpl.java:43)
	at java.lang.reflect.Method.invoke(Method.java:498)
	at org.testng.internal.MethodInvocationHelper.invokeMethod(MethodInvocationHelper.java:85)
	at org.testng.internal.Invoker.invokeMethod(Invoker.java:659)
	at org.testng.internal.Invoker.invokeTestMethod(Invoker.java:845)
	at org.testng.internal.Invoker.invokeTestMethods(Invoker.java:1153)
	at org.testng.internal.TestMethodWorker.invokeTestMethods(TestMethodWorker.java:125)
	at org.testng.internal.TestMethodWorker.run(TestMethodWorker.java:108)
	at org.testng.TestRunner.privateRun(TestRunner.java:771)
	at org.testng.TestRunner.run(TestRunner.java:621)
	at org.testng.SuiteRunner.runTest(SuiteRunner.java:357)
	at org.testng.SuiteRunner.runSequentially(SuiteRunner.java:352)
	at org.testng.SuiteRunner.privateRun(SuiteRunner.java:310)
	at org.testng.SuiteRunner.run(SuiteRunner.java:259)
	at org.testng.SuiteRunnerWorker.runSuite(SuiteRunnerWorker.java:52)
	at org.testng.SuiteRunnerWorker.run(SuiteRunnerWorker.java:86)
	at org.testng.TestNG.runSuitesSequentially(TestNG.java:1199)
	at org.testng.TestNG.runSuitesLocally(TestNG.java:1124)
	at org.testng.TestNG.run(TestNG.java:1032)
	at org.testng.remote.AbstractRemoteTestNG.run(AbstractRemoteTestNG.java:115)
	at org.testng.remote.RemoteTestNG.initAndRun(RemoteTestNG.java:251)
	at org.testng.remote.RemoteTestNG.main(RemoteTestNG.java:77)
]]>
            </full-stacktrace>
          </exception> <!-- java.lang.NullPointerException -->
          <reporter-output>
          </reporter-output>
        </test-method> <!-- preConditionsTest_for_Serbia -->
        <test-method status="PASS" signature="Verify_Lotame_Call_for_Serbia()[pri:0, instance:twc.Automation.ExecutableTestCases.SerbiaPrivacyTest@779dfe55]" name="Verify_Lotame_Call_for_Serbia" duration-ms="350" started-at="2022-03-27T20:03:14Z" finished-at="2022-03-27T20:03:14Z">
          <reporter-output>
          </reporter-output>
        </test-method> <!-- Verify_Lotame_Call_for_Serbia -->
        <test-method status="PASS" signature="Verify_LocationWFXTriggers_Call__for_Serbia()[pri:0, instance:twc.Automation.ExecutableTestCases.SerbiaPrivacyTest@779dfe55]" name="Verify_LocationWFXTriggers_Call__for_Serbia" duration-ms="415" started-at="2022-03-27T20:03:14Z" finished-at="2022-03-27T20:03:15Z">
          <reporter-output>
          </reporter-output>
        </test-method> <!-- Verify_LocationWFXTriggers_Call__for_Serbia -->
        <test-method status="PASS" signature="Verify_WFXTriggers_Call_privacy_for_Serbia()[pri:0, instance:twc.Automation.ExecutableTestCases.SerbiaPrivacyTest@779dfe55]" name="Verify_WFXTriggers_Call_privacy_for_Serbia" duration-ms="339" started-at="2022-03-27T20:03:15Z" finished-at="2022-03-27T20:03:15Z">
          <reporter-output>
          </reporter-output>
        </test-method> <!-- Verify_WFXTriggers_Call_privacy_for_Serbia -->
        <test-method status="PASS" signature="Verify_Amazon_Call()[pri:0, instance:twc.Automation.ExecutableTestCases.SerbiaPrivacyTest@779dfe55]" name="Verify_Amazon_Call" duration-ms="296" started-at="2022-03-27T20:03:15Z" finished-at="2022-03-27T20:03:15Z">
          <reporter-output>
          </reporter-output>
        </test-method> <!-- Verify_Amazon_Call -->
        <test-method status="PASS" signature="Verify_amazon_aax_feed1_adcall_for_Serbia()[pri:0, instance:twc.Automation.ExecutableTestCases.SerbiaPrivacyTest@779dfe55]" name="Verify_amazon_aax_feed1_adcall_for_Serbia" duration-ms="233" started-at="2022-03-27T20:03:15Z" finished-at="2022-03-27T20:03:16Z">
          <reporter-output>
          </reporter-output>
        </test-method> <!-- Verify_amazon_aax_feed1_adcall_for_Serbia -->
        <test-method status="PASS" signature="Verify_amazon_aax_feed2_adcall_for_Serbia()[pri:0, instance:twc.Automation.ExecutableTestCases.SerbiaPrivacyTest@779dfe55]" name="Verify_amazon_aax_feed2_adcall_for_Serbia" duration-ms="253" started-at="2022-03-27T20:03:16Z" finished-at="2022-03-27T20:03:16Z">
          <reporter-output>
          </reporter-output>
        </test-method> <!-- Verify_amazon_aax_feed2_adcall_for_Serbia -->
        <test-method status="PASS" signature="Verify_amazon_aax_feed3_adcall_for_Serbia()[pri:0, instance:twc.Automation.ExecutableTestCases.SerbiaPrivacyTest@779dfe55]" name="Verify_amazon_aax_feed3_adcall_for_Serbia" duration-ms="207" started-at="2022-03-27T20:03:16Z" finished-at="2022-03-27T20:03:16Z">
          <reporter-output>
          </reporter-output>
        </test-method> <!-- Verify_amazon_aax_feed3_adcall_for_Serbia -->
        <test-method status="PASS" signature="Verify_amazon_aax_PreRollVideo_adcall_for_Serbia()[pri:0, instance:twc.Automation.ExecutableTestCases.SerbiaPrivacyTest@779dfe55]" name="Verify_amazon_aax_PreRollVideo_adcall_for_Serbia" duration-ms="216" started-at="2022-03-27T20:03:16Z" finished-at="2022-03-27T20:03:16Z">
          <reporter-output>
          </reporter-output>
        </test-method> <!-- Verify_amazon_aax_PreRollVideo_adcall_for_Serbia -->
        <test-method status="PASS" signature="Verify_amazon_aax_map_details_adcall_for_Serbia()[pri:0, instance:twc.Automation.ExecutableTestCases.SerbiaPrivacyTest@779dfe55]" name="Verify_amazon_aax_map_details_adcall_for_Serbia" duration-ms="214" started-at="2022-03-27T20:03:16Z" finished-at="2022-03-27T20:03:17Z">
          <reporter-output>
          </reporter-output>
        </test-method> <!-- Verify_amazon_aax_map_details_adcall_for_Serbia -->
        <test-method status="PASS" signature="Verify_amazon_aax_Daily_details_adcall_for_Serbia()[pri:0, instance:twc.Automation.ExecutableTestCases.SerbiaPrivacyTest@779dfe55]" name="Verify_amazon_aax_Daily_details_adcall_for_Serbia" duration-ms="225" started-at="2022-03-27T20:03:17Z" finished-at="2022-03-27T20:03:17Z">
          <reporter-output>
          </reporter-output>
        </test-method> <!-- Verify_amazon_aax_Daily_details_adcall_for_Serbia -->
        <test-method status="PASS" signature="Verify_amazon_aax_Hourly1_details_adcall_for_Serbia()[pri:0, instance:twc.Automation.ExecutableTestCases.SerbiaPrivacyTest@779dfe55]" name="Verify_amazon_aax_Hourly1_details_adcall_for_Serbia" duration-ms="219" started-at="2022-03-27T20:03:17Z" finished-at="2022-03-27T20:03:17Z">
          <reporter-output>
          </reporter-output>
        </test-method> <!-- Verify_amazon_aax_Hourly1_details_adcall_for_Serbia -->
        <test-method status="PASS" signature="Verify_amazon_aax_Hourly_details_adcall_for_Serbia()[pri:0, instance:twc.Automation.ExecutableTestCases.SerbiaPrivacyTest@779dfe55]" name="Verify_amazon_aax_Hourly_details_adcall_for_Serbia" duration-ms="227" started-at="2022-03-27T20:03:17Z" finished-at="2022-03-27T20:03:17Z">
          <reporter-output>
          </reporter-output>
        </test-method> <!-- Verify_amazon_aax_Hourly_details_adcall_for_Serbia -->
        <test-method status="PASS" signature="Verify_amazon_aax_Hourly2_details_adcall_for_Serbia()[pri:0, instance:twc.Automation.ExecutableTestCases.SerbiaPrivacyTest@779dfe55]" name="Verify_amazon_aax_Hourly2_details_adcall_for_Serbia" duration-ms="220" started-at="2022-03-27T20:03:17Z" finished-at="2022-03-27T20:03:17Z">
          <reporter-output>
          </reporter-output>
        </test-method> <!-- Verify_amazon_aax_Hourly2_details_adcall_for_Serbia -->
        <test-method status="PASS" signature="Verify_amazon_aax_Hourly3_details_adcall_for_Serbia()[pri:0, instance:twc.Automation.ExecutableTestCases.SerbiaPrivacyTest@779dfe55]" name="Verify_amazon_aax_Hourly3_details_adcall_for_Serbia" duration-ms="205" started-at="2022-03-27T20:03:17Z" finished-at="2022-03-27T20:03:18Z">
          <reporter-output>
          </reporter-output>
        </test-method> <!-- Verify_amazon_aax_Hourly3_details_adcall_for_Serbia -->
        <test-method status="PASS" signature="validate_NextGen_IM_call_npa_val_for_Serbia()[pri:0, instance:twc.Automation.ExecutableTestCases.SerbiaPrivacyTest@779dfe55]" name="validate_NextGen_IM_call_npa_val_for_Serbia" duration-ms="313" started-at="2022-03-27T20:03:18Z" finished-at="2022-03-27T20:03:18Z">
          <reporter-output>
          </reporter-output>
        </test-method> <!-- validate_NextGen_IM_call_npa_val_for_Serbia -->
        <test-method status="PASS" signature="validate_Video_call_npa_val_for_Serbia()[pri:0, instance:twc.Automation.ExecutableTestCases.SerbiaPrivacyTest@779dfe55]" name="validate_Video_call_npa_val_for_Serbia" duration-ms="301" started-at="2022-03-27T20:03:18Z" finished-at="2022-03-27T20:03:18Z">
          <reporter-output>
          </reporter-output>
        </test-method> <!-- validate_Video_call_npa_val_for_Serbia -->
        <test-method status="PASS" signature="Smoke_Test_CaseVerify_Homescreen_marquee_adCall_Serbia()[pri:0, instance:twc.Automation.ExecutableTestCases.SerbiaPrivacyTest@779dfe55]" name="Smoke_Test_CaseVerify_Homescreen_marquee_adCall_Serbia" duration-ms="297" started-at="2022-03-27T20:03:18Z" finished-at="2022-03-27T20:03:19Z">
          <reporter-output>
          </reporter-output>
        </test-method> <!-- Smoke_Test_CaseVerify_Homescreen_marquee_adCall_Serbia -->
        <test-method status="PASS" signature="Smoke_Test_CaseVerify_Video_adCall_Serbia()[pri:0, instance:twc.Automation.ExecutableTestCases.SerbiaPrivacyTest@779dfe55]" name="Smoke_Test_CaseVerify_Video_adCall_Serbia" duration-ms="280" started-at="2022-03-27T20:03:19Z" finished-at="2022-03-27T20:03:19Z">
          <reporter-output>
          </reporter-output>
        </test-method> <!-- Smoke_Test_CaseVerify_Video_adCall_Serbia -->
        <test-method status="PASS" signature="Verify_Criteo_SDK_inapp_v2_Call_for_Serbia()[pri:0, instance:twc.Automation.ExecutableTestCases.SerbiaPrivacyTest@779dfe55]" name="Verify_Criteo_SDK_inapp_v2_Call_for_Serbia" duration-ms="278" started-at="2022-03-27T20:03:19Z" finished-at="2022-03-27T20:03:19Z">
          <reporter-output>
          </reporter-output>
        </test-method> <!-- Verify_Criteo_SDK_inapp_v2_Call_for_Serbia -->
        <test-method status="FAIL" signature="Verify_Criteo_SDK_config_app_Call_for_Serbia()[pri:0, instance:twc.Automation.ExecutableTestCases.SerbiaPrivacyTest@779dfe55]" name="Verify_Criteo_SDK_config_app_Call_for_Serbia" duration-ms="292" started-at="2022-03-27T20:03:19Z" finished-at="2022-03-27T20:03:19Z">
          <exception class="java.lang.NullPointerException">
            <full-stacktrace>
              <![CDATA[java.lang.NullPointerException
	at java.io.File.<init>(File.java:277)
	at twc.Automation.HandleWithCharles.CharlesFunctions.archive_folder(CharlesFunctions.java:318)
	at twc.Automation.ExecutableTestCases.SerbiaPrivacyTest.Verify_Criteo_SDK_config_app_Call_for_Serbia(SerbiaPrivacyTest.java:382)
	at sun.reflect.NativeMethodAccessorImpl.invoke0(Native Method)
	at sun.reflect.NativeMethodAccessorImpl.invoke(NativeMethodAccessorImpl.java:62)
	at sun.reflect.DelegatingMethodAccessorImpl.invoke(DelegatingMethodAccessorImpl.java:43)
	at java.lang.reflect.Method.invoke(Method.java:498)
	at org.testng.internal.MethodInvocationHelper.invokeMethod(MethodInvocationHelper.java:85)
	at org.testng.internal.Invoker.invokeMethod(Invoker.java:659)
	at org.testng.internal.Invoker.invokeTestMethod(Invoker.java:845)
	at org.testng.internal.Invoker.invokeTestMethods(Invoker.java:1153)
	at org.testng.internal.TestMethodWorker.invokeTestMethods(TestMethodWorker.java:125)
	at org.testng.internal.TestMethodWorker.run(TestMethodWorker.java:108)
	at org.testng.TestRunner.privateRun(TestRunner.java:771)
	at org.testng.TestRunner.run(TestRunner.java:621)
	at org.testng.SuiteRunner.runTest(SuiteRunner.java:357)
	at org.testng.SuiteRunner.runSequentially(SuiteRunner.java:352)
	at org.testng.SuiteRunner.privateRun(SuiteRunner.java:310)
	at org.testng.SuiteRunner.run(SuiteRunner.java:259)
	at org.testng.SuiteRunnerWorker.runSuite(SuiteRunnerWorker.java:52)
	at org.testng.SuiteRunnerWorker.run(SuiteRunnerWorker.java:86)
	at org.testng.TestNG.runSuitesSequentially(TestNG.java:1199)
	at org.testng.TestNG.runSuitesLocally(TestNG.java:1124)
	at org.testng.TestNG.run(TestNG.java:1032)
	at org.testng.remote.AbstractRemoteTestNG.run(AbstractRemoteTestNG.java:115)
	at org.testng.remote.RemoteTestNG.initAndRun(RemoteTestNG.java:251)
	at org.testng.remote.RemoteTestNG.main(RemoteTestNG.java:77)
]]>
            </full-stacktrace>
          </exception> <!-- java.lang.NullPointerException -->
          <reporter-output>
          </reporter-output>
        </test-method> <!-- Verify_Criteo_SDK_config_app_Call_for_Serbia -->
        <test-method status="PASS" signature="afterClass()[pri:0, instance:twc.Automation.ExecutableTestCases.SerbiaPrivacyTest@779dfe55]" name="afterClass" is-config="true" duration-ms="44" started-at="2022-03-27T20:03:19Z" finished-at="2022-03-27T20:03:19Z">
          <reporter-output>
          </reporter-output>
        </test-method> <!-- afterClass -->
      </class> <!-- twc.Automation.ExecutableTestCases.SerbiaPrivacyTest -->
      <class name="twc.Automation.ExecutableTestCases.GDPR_Run">
        <test-method status="PASS" signature="beforeClass()[pri:0, instance:twc.Automation.ExecutableTestCases.GDPR_Run@3e521715]" name="beforeClass" is-config="true" duration-ms="30257" started-at="2022-03-27T19:11:20Z" finished-at="2022-03-27T19:11:50Z">
          <reporter-output>
          </reporter-output>
        </test-method> <!-- beforeClass -->
        <test-method status="PASS" signature="preConditionsTest_for_GDPR()[pri:0, instance:twc.Automation.ExecutableTestCases.GDPR_Run@3e521715]" name="preConditionsTest_for_GDPR" duration-ms="385618" started-at="2022-03-27T19:11:50Z" finished-at="2022-03-27T19:18:16Z">
          <reporter-output>
          </reporter-output>
        </test-method> <!-- preConditionsTest_for_GDPR -->
        <test-method status="PASS" signature="Verify_Lotame_Call_for_GDPR()[pri:0, instance:twc.Automation.ExecutableTestCases.GDPR_Run@3e521715]" name="Verify_Lotame_Call_for_GDPR" duration-ms="1679" started-at="2022-03-27T19:18:16Z" finished-at="2022-03-27T19:18:17Z">
          <reporter-output>
          </reporter-output>
        </test-method> <!-- Verify_Lotame_Call_for_GDPR -->
        <test-method status="PASS" signature="Verify_LocationWFXTriggers_Call__for_GDPR()[pri:0, instance:twc.Automation.ExecutableTestCases.GDPR_Run@3e521715]" name="Verify_LocationWFXTriggers_Call__for_GDPR" duration-ms="695" started-at="2022-03-27T19:18:17Z" finished-at="2022-03-27T19:18:18Z">
          <reporter-output>
          </reporter-output>
        </test-method> <!-- Verify_LocationWFXTriggers_Call__for_GDPR -->
        <test-method status="PASS" signature="Verify_WFXTriggers_Call_privacy_for_GDPR()[pri:0, instance:twc.Automation.ExecutableTestCases.GDPR_Run@3e521715]" name="Verify_WFXTriggers_Call_privacy_for_GDPR" duration-ms="557" started-at="2022-03-27T19:18:18Z" finished-at="2022-03-27T19:18:19Z">
          <reporter-output>
          </reporter-output>
        </test-method> <!-- Verify_WFXTriggers_Call_privacy_for_GDPR -->
        <test-method status="PASS" signature="Verify_Amazon_Call()[pri:0, instance:twc.Automation.ExecutableTestCases.GDPR_Run@3e521715]" name="Verify_Amazon_Call" duration-ms="363" started-at="2022-03-27T19:18:19Z" finished-at="2022-03-27T19:18:19Z">
          <reporter-output>
          </reporter-output>
        </test-method> <!-- Verify_Amazon_Call -->
        <test-method status="PASS" signature="Verify_amazon_aax_feed1_adcall_for_GDPR()[pri:0, instance:twc.Automation.ExecutableTestCases.GDPR_Run@3e521715]" name="Verify_amazon_aax_feed1_adcall_for_GDPR" duration-ms="245" started-at="2022-03-27T19:18:19Z" finished-at="2022-03-27T19:18:19Z">
          <reporter-output>
          </reporter-output>
        </test-method> <!-- Verify_amazon_aax_feed1_adcall_for_GDPR -->
        <test-method status="PASS" signature="Verify_amazon_aax_feed2_adcall_for_GDPR()[pri:0, instance:twc.Automation.ExecutableTestCases.GDPR_Run@3e521715]" name="Verify_amazon_aax_feed2_adcall_for_GDPR" duration-ms="249" started-at="2022-03-27T19:18:19Z" finished-at="2022-03-27T19:18:20Z">
          <reporter-output>
          </reporter-output>
        </test-method> <!-- Verify_amazon_aax_feed2_adcall_for_GDPR -->
        <test-method status="PASS" signature="Verify_amazon_aax_feed3_adcall_for_GDPR()[pri:0, instance:twc.Automation.ExecutableTestCases.GDPR_Run@3e521715]" name="Verify_amazon_aax_feed3_adcall_for_GDPR" duration-ms="286" started-at="2022-03-27T19:18:20Z" finished-at="2022-03-27T19:18:20Z">
          <reporter-output>
          </reporter-output>
        </test-method> <!-- Verify_amazon_aax_feed3_adcall_for_GDPR -->
        <test-method status="PASS" signature="Verify_amazon_aax_PreRollVideo_adcall_for_GDPR()[pri:0, instance:twc.Automation.ExecutableTestCases.GDPR_Run@3e521715]" name="Verify_amazon_aax_PreRollVideo_adcall_for_GDPR" duration-ms="218" started-at="2022-03-27T19:18:20Z" finished-at="2022-03-27T19:18:20Z">
          <reporter-output>
          </reporter-output>
        </test-method> <!-- Verify_amazon_aax_PreRollVideo_adcall_for_GDPR -->
        <test-method status="PASS" signature="Verify_amazon_aax_map_details_adcall_for_GDPR()[pri:0, instance:twc.Automation.ExecutableTestCases.GDPR_Run@3e521715]" name="Verify_amazon_aax_map_details_adcall_for_GDPR" duration-ms="244" started-at="2022-03-27T19:18:20Z" finished-at="2022-03-27T19:18:20Z">
          <reporter-output>
          </reporter-output>
        </test-method> <!-- Verify_amazon_aax_map_details_adcall_for_GDPR -->
        <test-method status="PASS" signature="Verify_amazon_aax_Daily_details_adcall_for_GDPR()[pri:0, instance:twc.Automation.ExecutableTestCases.GDPR_Run@3e521715]" name="Verify_amazon_aax_Daily_details_adcall_for_GDPR" duration-ms="241" started-at="2022-03-27T19:18:20Z" finished-at="2022-03-27T19:18:21Z">
          <reporter-output>
          </reporter-output>
        </test-method> <!-- Verify_amazon_aax_Daily_details_adcall_for_GDPR -->
        <test-method status="PASS" signature="Verify_amazon_aax_Hourly1_details_adcall_for_GDPR()[pri:0, instance:twc.Automation.ExecutableTestCases.GDPR_Run@3e521715]" name="Verify_amazon_aax_Hourly1_details_adcall_for_GDPR" duration-ms="287" started-at="2022-03-27T19:18:21Z" finished-at="2022-03-27T19:18:21Z">
          <reporter-output>
          </reporter-output>
        </test-method> <!-- Verify_amazon_aax_Hourly1_details_adcall_for_GDPR -->
        <test-method status="PASS" signature="Verify_amazon_aax_Hourly2_details_adcall_for_GDPR()[pri:0, instance:twc.Automation.ExecutableTestCases.GDPR_Run@3e521715]" name="Verify_amazon_aax_Hourly2_details_adcall_for_GDPR" duration-ms="210" started-at="2022-03-27T19:18:21Z" finished-at="2022-03-27T19:18:21Z">
          <reporter-output>
          </reporter-output>
        </test-method> <!-- Verify_amazon_aax_Hourly2_details_adcall_for_GDPR -->
        <test-method status="PASS" signature="Verify_amazon_aax_Hourly3_details_adcall_for_GDPR()[pri:0, instance:twc.Automation.ExecutableTestCases.GDPR_Run@3e521715]" name="Verify_amazon_aax_Hourly3_details_adcall_for_GDPR" duration-ms="203" started-at="2022-03-27T19:18:21Z" finished-at="2022-03-27T19:18:21Z">
          <reporter-output>
          </reporter-output>
        </test-method> <!-- Verify_amazon_aax_Hourly3_details_adcall_for_GDPR -->
        <test-method status="PASS" signature="Verify_amazon_aax_Hourly_details_adcall_for_GDPR()[pri:0, instance:twc.Automation.ExecutableTestCases.GDPR_Run@3e521715]" name="Verify_amazon_aax_Hourly_details_adcall_for_GDPR" duration-ms="238" started-at="2022-03-27T19:18:21Z" finished-at="2022-03-27T19:18:21Z">
          <reporter-output>
          </reporter-output>
        </test-method> <!-- Verify_amazon_aax_Hourly_details_adcall_for_GDPR -->
        <test-method status="PASS" signature="validate_NextGen_IM_call_npa_val_for_GDPR()[pri:0, instance:twc.Automation.ExecutableTestCases.GDPR_Run@3e521715]" name="validate_NextGen_IM_call_npa_val_for_GDPR" duration-ms="307" started-at="2022-03-27T19:18:21Z" finished-at="2022-03-27T19:18:22Z">
          <reporter-output>
          </reporter-output>
        </test-method> <!-- validate_NextGen_IM_call_npa_val_for_GDPR -->
        <test-method status="PASS" signature="validate_Video_call_npa_val_for_GDPR()[pri:0, instance:twc.Automation.ExecutableTestCases.GDPR_Run@3e521715]" name="validate_Video_call_npa_val_for_GDPR" duration-ms="304" started-at="2022-03-27T19:18:22Z" finished-at="2022-03-27T19:18:22Z">
          <reporter-output>
          </reporter-output>
        </test-method> <!-- validate_Video_call_npa_val_for_GDPR -->
        <test-method status="PASS" signature="Smoke_Test_CaseVerify_Homescreen_marquee_adCall_GDPR()[pri:0, instance:twc.Automation.ExecutableTestCases.GDPR_Run@3e521715]" name="Smoke_Test_CaseVerify_Homescreen_marquee_adCall_GDPR" duration-ms="296" started-at="2022-03-27T19:18:22Z" finished-at="2022-03-27T19:18:22Z">
          <reporter-output>
          </reporter-output>
        </test-method> <!-- Smoke_Test_CaseVerify_Homescreen_marquee_adCall_GDPR -->
        <test-method status="PASS" signature="Smoke_Test_CaseVerify_Video_adCall_GDPR()[pri:0, instance:twc.Automation.ExecutableTestCases.GDPR_Run@3e521715]" name="Smoke_Test_CaseVerify_Video_adCall_GDPR" duration-ms="338" started-at="2022-03-27T19:18:22Z" finished-at="2022-03-27T19:18:23Z">
          <reporter-output>
          </reporter-output>
        </test-method> <!-- Smoke_Test_CaseVerify_Video_adCall_GDPR -->
        <test-method status="PASS" signature="Verify_Criteo_SDK_inapp_v2_Call_for_GDPR()[pri:0, instance:twc.Automation.ExecutableTestCases.GDPR_Run@3e521715]" name="Verify_Criteo_SDK_inapp_v2_Call_for_GDPR" duration-ms="322" started-at="2022-03-27T19:18:23Z" finished-at="2022-03-27T19:18:23Z">
          <reporter-output>
          </reporter-output>
        </test-method> <!-- Verify_Criteo_SDK_inapp_v2_Call_for_GDPR -->
        <test-method status="PASS" signature="Verify_Criteo_SDK_config_app_Call_for_GDPR()[pri:0, instance:twc.Automation.ExecutableTestCases.GDPR_Run@3e521715]" name="Verify_Criteo_SDK_config_app_Call_for_GDPR" duration-ms="297" started-at="2022-03-27T19:18:23Z" finished-at="2022-03-27T19:18:23Z">
          <reporter-output>
          </reporter-output>
        </test-method> <!-- Verify_Criteo_SDK_config_app_Call_for_GDPR -->
        <test-method status="PASS" signature="afterClass()[pri:0, instance:twc.Automation.ExecutableTestCases.GDPR_Run@3e521715]" name="afterClass" is-config="true" duration-ms="27" started-at="2022-03-27T19:18:23Z" finished-at="2022-03-27T19:18:23Z">
          <reporter-output>
          </reporter-output>
        </test-method> <!-- afterClass -->
      </class> <!-- twc.Automation.ExecutableTestCases.GDPR_Run -->
    </test> <!-- Test -->
  </suite> <!-- Suite -->
</testng-results>
